Determining if the pthread_create exist failed with the following output:
Change Dir: /home/gerry/Coborg-Platform/franka_ws/ws/frankapy-public/catkin_ws/build/catkin_tools_prebuild/CMakeFiles/CMakeTmp

Run Build Command:"/usr/bin/make" "cmTC_839d1/fast"
/usr/bin/make -f CMakeFiles/cmTC_839d1.dir/build.make CMakeFiles/cmTC_839d1.dir/build
make[1]: Entering directory '/home/gerry/Coborg-Platform/franka_ws/ws/frankapy-public/catkin_ws/build/catkin_tools_prebuild/CMakeFiles/CMakeTmp'
Building C object CMakeFiles/cmTC_839d1.dir/CheckSymbolExists.c.o
/usr/bin/cc    -o CMakeFiles/cmTC_839d1.dir/CheckSymbolExists.c.o   -c /home/gerry/Coborg-Platform/franka_ws/ws/frankapy-public/catkin_ws/build/catkin_tools_prebuild/CMakeFiles/CMakeTmp/CheckSymbolExists.c
Linking C executable cmTC_839d1
/usr/bin/cmake -E cmake_link_script CMakeFiles/cmTC_839d1.dir/link.txt --verbose=1
/usr/bin/cc      -rdynamic CMakeFiles/cmTC_839d1.dir/CheckSymbolExists.c.o  -o cmTC_839d1 
CMakeFiles/cmTC_839d1.dir/CheckSymbolExists.c.o: In function `main':
CheckSymbolExists.c:(.text+0x1b): undefined reference to `pthread_create'
collect2: error: ld returned 1 exit status
CMakeFiles/cmTC_839d1.dir/build.make:97: recipe for target 'cmTC_839d1' failed
make[1]: *** [cmTC_839d1] Error 1
make[1]: Leaving directory '/home/gerry/Coborg-Platform/franka_ws/ws/frankapy-public/catkin_ws/build/catkin_tools_prebuild/CMakeFiles/CMakeTmp'
Makefile:126: recipe for target 'cmTC_839d1/fast' failed
make: *** [cmTC_839d1/fast] Error 2

File /home/gerry/Coborg-Platform/franka_ws/ws/frankapy-public/catkin_ws/build/catkin_tools_prebuild/CMakeFiles/CMakeTmp/CheckSymbolExists.c:
/* */
#include <pthread.h>

int main(int argc, char** argv)
{
  (void)argv;
#ifndef pthread_create
  return ((int*)(&pthread_create))[argc];
#else
  (void)argc;
  return 0;
#endif
}

Determining if the function pthread_create exists in the pthreads failed with the following output:
Change Dir: /home/gerry/Coborg-Platform/franka_ws/ws/frankapy-public/catkin_ws/build/catkin_tools_prebuild/CMakeFiles/CMakeTmp

Run Build Command:"/usr/bin/make" "cmTC_b028a/fast"
/usr/bin/make -f CMakeFiles/cmTC_b028a.dir/build.make CMakeFiles/cmTC_b028a.dir/build
make[1]: Entering directory '/home/gerry/Coborg-Platform/franka_ws/ws/frankapy-public/catkin_ws/build/catkin_tools_prebuild/CMakeFiles/CMakeTmp'
Building C object CMakeFiles/cmTC_b028a.dir/CheckFunctionExists.c.o
/usr/bin/cc   -DCHECK_FUNCTION_EXISTS=pthread_create   -o CMakeFiles/cmTC_b028a.dir/CheckFunctionExists.c.o   -c /usr/share/cmake-3.10/Modules/CheckFunctionExists.c
Linking C executable cmTC_b028a
/usr/bin/cmake -E cmake_link_script CMakeFiles/cmTC_b028a.dir/link.txt --verbose=1
/usr/bin/cc  -DCHECK_FUNCTION_EXISTS=pthread_create    -rdynamic CMakeFiles/cmTC_b028a.dir/CheckFunctionExists.c.o  -o cmTC_b028a -lpthreads 
/usr/bin/ld: cannot find -lpthreads
collect2: error: ld returned 1 exit status
CMakeFiles/cmTC_b028a.dir/build.make:97: recipe for target 'cmTC_b028a' failed
make[1]: *** [cmTC_b028a] Error 1
make[1]: Leaving directory '/home/gerry/Coborg-Platform/franka_ws/ws/frankapy-public/catkin_ws/build/catkin_tools_prebuild/CMakeFiles/CMakeTmp'
Makefile:126: recipe for target 'cmTC_b028a/fast' failed
make: *** [cmTC_b028a/fast] Error 2


