Determining if the pthread_create exist failed with the following output:
Change Dir: /home/coborg/Coborg-Platform/franka_ws/ws/cv_bridge_ws/build/CMakeFiles/CMakeTmp

Run Build Command:"/usr/bin/make" "cmTC_2ab14/fast"
/usr/bin/make -f CMakeFiles/cmTC_2ab14.dir/build.make CMakeFiles/cmTC_2ab14.dir/build
make[1]: Entering directory '/home/coborg/Coborg-Platform/franka_ws/ws/cv_bridge_ws/build/CMakeFiles/CMakeTmp'
Building C object CMakeFiles/cmTC_2ab14.dir/CheckSymbolExists.c.o
/usr/bin/cc    -o CMakeFiles/cmTC_2ab14.dir/CheckSymbolExists.c.o   -c /home/coborg/Coborg-Platform/franka_ws/ws/cv_bridge_ws/build/CMakeFiles/CMakeTmp/CheckSymbolExists.c
Linking C executable cmTC_2ab14
/usr/bin/cmake -E cmake_link_script CMakeFiles/cmTC_2ab14.dir/link.txt --verbose=1
/usr/bin/cc      -rdynamic CMakeFiles/cmTC_2ab14.dir/CheckSymbolExists.c.o  -o cmTC_2ab14 
CMakeFiles/cmTC_2ab14.dir/CheckSymbolExists.c.o: In function `main':
CheckSymbolExists.c:(.text+0x1b): undefined reference to `pthread_create'
collect2: error: ld returned 1 exit status
CMakeFiles/cmTC_2ab14.dir/build.make:97: recipe for target 'cmTC_2ab14' failed
make[1]: *** [cmTC_2ab14] Error 1
make[1]: Leaving directory '/home/coborg/Coborg-Platform/franka_ws/ws/cv_bridge_ws/build/CMakeFiles/CMakeTmp'
Makefile:126: recipe for target 'cmTC_2ab14/fast' failed
make: *** [cmTC_2ab14/fast] Error 2

File /home/coborg/Coborg-Platform/franka_ws/ws/cv_bridge_ws/build/CMakeFiles/CMakeTmp/CheckSymbolExists.c:
/* */
#include <pthread.h>

int main(int argc, char** argv)
{
  (void)argv;
#ifndef pthread_create
  return ((int*)(&pthread_create))[argc];
#else
  (void)argc;
  return 0;
#endif
}

Determining if the function pthread_create exists in the pthreads failed with the following output:
Change Dir: /home/coborg/Coborg-Platform/franka_ws/ws/cv_bridge_ws/build/CMakeFiles/CMakeTmp

Run Build Command:"/usr/bin/make" "cmTC_7b21f/fast"
/usr/bin/make -f CMakeFiles/cmTC_7b21f.dir/build.make CMakeFiles/cmTC_7b21f.dir/build
make[1]: Entering directory '/home/coborg/Coborg-Platform/franka_ws/ws/cv_bridge_ws/build/CMakeFiles/CMakeTmp'
Building C object CMakeFiles/cmTC_7b21f.dir/CheckFunctionExists.c.o
/usr/bin/cc   -DCHECK_FUNCTION_EXISTS=pthread_create   -o CMakeFiles/cmTC_7b21f.dir/CheckFunctionExists.c.o   -c /usr/share/cmake-3.10/Modules/CheckFunctionExists.c
Linking C executable cmTC_7b21f
/usr/bin/cmake -E cmake_link_script CMakeFiles/cmTC_7b21f.dir/link.txt --verbose=1
/usr/bin/cc  -DCHECK_FUNCTION_EXISTS=pthread_create    -rdynamic CMakeFiles/cmTC_7b21f.dir/CheckFunctionExists.c.o  -o cmTC_7b21f -lpthreads 
/usr/bin/ld: cannot find -lpthreads
collect2: error: ld returned 1 exit status
CMakeFiles/cmTC_7b21f.dir/build.make:97: recipe for target 'cmTC_7b21f' failed
make[1]: *** [cmTC_7b21f] Error 1
make[1]: Leaving directory '/home/coborg/Coborg-Platform/franka_ws/ws/cv_bridge_ws/build/CMakeFiles/CMakeTmp'
Makefile:126: recipe for target 'cmTC_7b21f/fast' failed
make: *** [cmTC_7b21f/fast] Error 2


