Determining if the pthread_create exist failed with the following output:
Change Dir: /home/coborg/Coborg-Platform/franka_ws/ws/frankapy-public/catkin_ws/build/franka_interface_msgs/CMakeFiles/CMakeTmp

Run Build Command:"/usr/bin/make" "cmTC_cb944/fast"
/usr/bin/make -f CMakeFiles/cmTC_cb944.dir/build.make CMakeFiles/cmTC_cb944.dir/build
make[1]: Entering directory '/home/coborg/Coborg-Platform/franka_ws/ws/frankapy-public/catkin_ws/build/franka_interface_msgs/CMakeFiles/CMakeTmp'
Building C object CMakeFiles/cmTC_cb944.dir/CheckSymbolExists.c.o
/usr/bin/cc    -o CMakeFiles/cmTC_cb944.dir/CheckSymbolExists.c.o   -c /home/coborg/Coborg-Platform/franka_ws/ws/frankapy-public/catkin_ws/build/franka_interface_msgs/CMakeFiles/CMakeTmp/CheckSymbolExists.c
Linking C executable cmTC_cb944
/usr/bin/cmake -E cmake_link_script CMakeFiles/cmTC_cb944.dir/link.txt --verbose=1
/usr/bin/cc      -rdynamic CMakeFiles/cmTC_cb944.dir/CheckSymbolExists.c.o  -o cmTC_cb944 
CMakeFiles/cmTC_cb944.dir/CheckSymbolExists.c.o: In function `main':
CheckSymbolExists.c:(.text+0x1b): undefined reference to `pthread_create'
collect2: error: ld returned 1 exit status
CMakeFiles/cmTC_cb944.dir/build.make:97: recipe for target 'cmTC_cb944' failed
make[1]: *** [cmTC_cb944] Error 1
make[1]: Leaving directory '/home/coborg/Coborg-Platform/franka_ws/ws/frankapy-public/catkin_ws/build/franka_interface_msgs/CMakeFiles/CMakeTmp'
Makefile:126: recipe for target 'cmTC_cb944/fast' failed
make: *** [cmTC_cb944/fast] Error 2

File /home/coborg/Coborg-Platform/franka_ws/ws/frankapy-public/catkin_ws/build/franka_interface_msgs/CMakeFiles/CMakeTmp/CheckSymbolExists.c:
/* */
#include <pthread.h>

int main(int argc, char** argv)
{
  (void)argv;
#ifndef pthread_create
  return ((int*)(&pthread_create))[argc];
#else
  (void)argc;
  return 0;
#endif
}

Determining if the function pthread_create exists in the pthreads failed with the following output:
Change Dir: /home/coborg/Coborg-Platform/franka_ws/ws/frankapy-public/catkin_ws/build/franka_interface_msgs/CMakeFiles/CMakeTmp

Run Build Command:"/usr/bin/make" "cmTC_7afaa/fast"
/usr/bin/make -f CMakeFiles/cmTC_7afaa.dir/build.make CMakeFiles/cmTC_7afaa.dir/build
make[1]: Entering directory '/home/coborg/Coborg-Platform/franka_ws/ws/frankapy-public/catkin_ws/build/franka_interface_msgs/CMakeFiles/CMakeTmp'
Building C object CMakeFiles/cmTC_7afaa.dir/CheckFunctionExists.c.o
/usr/bin/cc   -DCHECK_FUNCTION_EXISTS=pthread_create   -o CMakeFiles/cmTC_7afaa.dir/CheckFunctionExists.c.o   -c /usr/share/cmake-3.10/Modules/CheckFunctionExists.c
Linking C executable cmTC_7afaa
/usr/bin/cmake -E cmake_link_script CMakeFiles/cmTC_7afaa.dir/link.txt --verbose=1
/usr/bin/cc  -DCHECK_FUNCTION_EXISTS=pthread_create    -rdynamic CMakeFiles/cmTC_7afaa.dir/CheckFunctionExists.c.o  -o cmTC_7afaa -lpthreads 
/usr/bin/ld: cannot find -lpthreads
collect2: error: ld returned 1 exit status
CMakeFiles/cmTC_7afaa.dir/build.make:97: recipe for target 'cmTC_7afaa' failed
make[1]: *** [cmTC_7afaa] Error 1
make[1]: Leaving directory '/home/coborg/Coborg-Platform/franka_ws/ws/frankapy-public/catkin_ws/build/franka_interface_msgs/CMakeFiles/CMakeTmp'
Makefile:126: recipe for target 'cmTC_7afaa/fast' failed
make: *** [cmTC_7afaa/fast] Error 2


