Determining if the pthread_create exist failed with the following output:
Change Dir: /home/coborg/Coborg-Platform/demos/motion_demo/build/CMakeFiles/CMakeTmp

Run Build Command:"/usr/bin/make" "cmTC_c1d61/fast"
/usr/bin/make -f CMakeFiles/cmTC_c1d61.dir/build.make CMakeFiles/cmTC_c1d61.dir/build
make[1]: Entering directory '/home/coborg/Coborg-Platform/demos/motion_demo/build/CMakeFiles/CMakeTmp'
Building C object CMakeFiles/cmTC_c1d61.dir/CheckSymbolExists.c.o
/usr/bin/cc    -o CMakeFiles/cmTC_c1d61.dir/CheckSymbolExists.c.o   -c /home/coborg/Coborg-Platform/demos/motion_demo/build/CMakeFiles/CMakeTmp/CheckSymbolExists.c
Linking C executable cmTC_c1d61
/usr/bin/cmake -E cmake_link_script CMakeFiles/cmTC_c1d61.dir/link.txt --verbose=1
/usr/bin/cc      -rdynamic CMakeFiles/cmTC_c1d61.dir/CheckSymbolExists.c.o  -o cmTC_c1d61 
CMakeFiles/cmTC_c1d61.dir/CheckSymbolExists.c.o: In function `main':
CheckSymbolExists.c:(.text+0x1b): undefined reference to `pthread_create'
collect2: error: ld returned 1 exit status
CMakeFiles/cmTC_c1d61.dir/build.make:97: recipe for target 'cmTC_c1d61' failed
make[1]: *** [cmTC_c1d61] Error 1
make[1]: Leaving directory '/home/coborg/Coborg-Platform/demos/motion_demo/build/CMakeFiles/CMakeTmp'
Makefile:126: recipe for target 'cmTC_c1d61/fast' failed
make: *** [cmTC_c1d61/fast] Error 2

File /home/coborg/Coborg-Platform/demos/motion_demo/build/CMakeFiles/CMakeTmp/CheckSymbolExists.c:
/* */
#include <pthread.h>

int main(int argc, char** argv)
{
  (void)argv;
#ifndef pthread_create
  return ((int*)(&pthread_create))[argc];
#else
  (void)argc;
  return 0;
#endif
}

Determining if the function pthread_create exists in the pthreads failed with the following output:
Change Dir: /home/coborg/Coborg-Platform/demos/motion_demo/build/CMakeFiles/CMakeTmp

Run Build Command:"/usr/bin/make" "cmTC_74be8/fast"
/usr/bin/make -f CMakeFiles/cmTC_74be8.dir/build.make CMakeFiles/cmTC_74be8.dir/build
make[1]: Entering directory '/home/coborg/Coborg-Platform/demos/motion_demo/build/CMakeFiles/CMakeTmp'
Building C object CMakeFiles/cmTC_74be8.dir/CheckFunctionExists.c.o
/usr/bin/cc   -DCHECK_FUNCTION_EXISTS=pthread_create   -o CMakeFiles/cmTC_74be8.dir/CheckFunctionExists.c.o   -c /usr/share/cmake-3.10/Modules/CheckFunctionExists.c
Linking C executable cmTC_74be8
/usr/bin/cmake -E cmake_link_script CMakeFiles/cmTC_74be8.dir/link.txt --verbose=1
/usr/bin/cc  -DCHECK_FUNCTION_EXISTS=pthread_create    -rdynamic CMakeFiles/cmTC_74be8.dir/CheckFunctionExists.c.o  -o cmTC_74be8 -lpthreads 
/usr/bin/ld: cannot find -lpthreads
collect2: error: ld returned 1 exit status
CMakeFiles/cmTC_74be8.dir/build.make:97: recipe for target 'cmTC_74be8' failed
make[1]: *** [cmTC_74be8] Error 1
make[1]: Leaving directory '/home/coborg/Coborg-Platform/demos/motion_demo/build/CMakeFiles/CMakeTmp'
Makefile:126: recipe for target 'cmTC_74be8/fast' failed
make: *** [cmTC_74be8/fast] Error 2


