Symlinking /home/coborg/Coborg-Platform/franka_ws/ws/frankapy-public/catkin_ws/devel/include/franka_interface_msgs/SensorData.h
Symlinking /home/coborg/Coborg-Platform/franka_ws/ws/frankapy-public/catkin_ws/devel/include/franka_interface_msgs/GetCurrentFrankaInterfaceStatusCmd.h
Symlinking /home/coborg/Coborg-Platform/franka_ws/ws/frankapy-public/catkin_ws/devel/include/franka_interface_msgs/ExecuteSkillAction.h
Symlinking /home/coborg/Coborg-Platform/franka_ws/ws/frankapy-public/catkin_ws/devel/include/franka_interface_msgs/GetCurrentRobotStateCmdResponse.h
Symlinking /home/coborg/Coborg-Platform/franka_ws/ws/frankapy-public/catkin_ws/devel/include/franka_interface_msgs/GetCurrentFrankaInterfaceStatusCmdRequest.h
Symlinking /home/coborg/Coborg-Platform/franka_ws/ws/frankapy-public/catkin_ws/devel/include/franka_interface_msgs/GetCurrentRobotStateCmd.h
Symlinking /home/coborg/Coborg-Platform/franka_ws/ws/frankapy-public/catkin_ws/devel/include/franka_interface_msgs/ExecuteSkillActionFeedback.h
Symlinking /home/coborg/Coborg-Platform/franka_ws/ws/frankapy-public/catkin_ws/devel/include/franka_interface_msgs/ExecuteSkillGoal.h
Symlinking /home/coborg/Coborg-Platform/franka_ws/ws/frankapy-public/catkin_ws/devel/include/franka_interface_msgs/ExecuteSkillActionResult.h
Symlinking /home/coborg/Coborg-Platform/franka_ws/ws/frankapy-public/catkin_ws/devel/include/franka_interface_msgs/GetCurrentFrankaInterfaceStatusCmdResponse.h
Symlinking /home/coborg/Coborg-Platform/franka_ws/ws/frankapy-public/catkin_ws/devel/include/franka_interface_msgs/FrankaInterfaceStatus.h
Symlinking /home/coborg/Coborg-Platform/franka_ws/ws/frankapy-public/catkin_ws/devel/include/franka_interface_msgs/RobotState.h
Symlinking /home/coborg/Coborg-Platform/franka_ws/ws/frankapy-public/catkin_ws/devel/include/franka_interface_msgs/RunLoopProcessInfoState.h
Symlinking /home/coborg/Coborg-Platform/franka_ws/ws/frankapy-public/catkin_ws/devel/include/franka_interface_msgs/GetCurrentRobotStateCmdRequest.h
Symlinking /home/coborg/Coborg-Platform/franka_ws/ws/frankapy-public/catkin_ws/devel/include/franka_interface_msgs/ExecuteSkillResult.h
Symlinking /home/coborg/Coborg-Platform/franka_ws/ws/frankapy-public/catkin_ws/devel/include/franka_interface_msgs/Errors.h
Symlinking /home/coborg/Coborg-Platform/franka_ws/ws/frankapy-public/catkin_ws/devel/include/franka_interface_msgs/ExecuteSkillActionGoal.h
Symlinking /home/coborg/Coborg-Platform/franka_ws/ws/frankapy-public/catkin_ws/devel/include/franka_interface_msgs/SensorDataGroup.h
Symlinking /home/coborg/Coborg-Platform/franka_ws/ws/frankapy-public/catkin_ws/devel/include/franka_interface_msgs/ExecuteSkillFeedback.h
Symlinking /home/coborg/Coborg-Platform/franka_ws/ws/frankapy-public/catkin_ws/devel/lib/python2.7/dist-packages/franka_interface_msgs/__init__.py
Symlinking /home/coborg/Coborg-Platform/franka_ws/ws/frankapy-public/catkin_ws/devel/lib/python2.7/dist-packages/franka_interface_msgs/srv/_GetCurrentFrankaInterfaceStatusCmd.py
Symlinking /home/coborg/Coborg-Platform/franka_ws/ws/frankapy-public/catkin_ws/devel/lib/python2.7/dist-packages/franka_interface_msgs/srv/_GetCurrentRobotStateCmd.py
Symlinking /home/coborg/Coborg-Platform/franka_ws/ws/frankapy-public/catkin_ws/devel/lib/python2.7/dist-packages/franka_interface_msgs/srv/__init__.py
Symlinking /home/coborg/Coborg-Platform/franka_ws/ws/frankapy-public/catkin_ws/devel/lib/python2.7/dist-packages/franka_interface_msgs/msg/_FrankaInterfaceStatus.py
Symlinking /home/coborg/Coborg-Platform/franka_ws/ws/frankapy-public/catkin_ws/devel/lib/python2.7/dist-packages/franka_interface_msgs/msg/_Errors.py
Symlinking /home/coborg/Coborg-Platform/franka_ws/ws/frankapy-public/catkin_ws/devel/lib/python2.7/dist-packages/franka_interface_msgs/msg/_ExecuteSkillGoal.py
Symlinking /home/coborg/Coborg-Platform/franka_ws/ws/frankapy-public/catkin_ws/devel/lib/python2.7/dist-packages/franka_interface_msgs/msg/_SensorData.py
Symlinking /home/coborg/Coborg-Platform/franka_ws/ws/frankapy-public/catkin_ws/devel/lib/python2.7/dist-packages/franka_interface_msgs/msg/_SensorDataGroup.py
Symlinking /home/coborg/Coborg-Platform/franka_ws/ws/frankapy-public/catkin_ws/devel/lib/python2.7/dist-packages/franka_interface_msgs/msg/_ExecuteSkillResult.py
Symlinking /home/coborg/Coborg-Platform/franka_ws/ws/frankapy-public/catkin_ws/devel/lib/python2.7/dist-packages/franka_interface_msgs/msg/_ExecuteSkillActionGoal.py
Symlinking /home/coborg/Coborg-Platform/franka_ws/ws/frankapy-public/catkin_ws/devel/lib/python2.7/dist-packages/franka_interface_msgs/msg/_RobotState.py
Symlinking /home/coborg/Coborg-Platform/franka_ws/ws/frankapy-public/catkin_ws/devel/lib/python2.7/dist-packages/franka_interface_msgs/msg/_ExecuteSkillAction.py
Symlinking /home/coborg/Coborg-Platform/franka_ws/ws/frankapy-public/catkin_ws/devel/lib/python2.7/dist-packages/franka_interface_msgs/msg/_RunLoopProcessInfoState.py
Symlinking /home/coborg/Coborg-Platform/franka_ws/ws/frankapy-public/catkin_ws/devel/lib/python2.7/dist-packages/franka_interface_msgs/msg/_ExecuteSkillActionFeedback.py
Symlinking /home/coborg/Coborg-Platform/franka_ws/ws/frankapy-public/catkin_ws/devel/lib/python2.7/dist-packages/franka_interface_msgs/msg/_ExecuteSkillFeedback.py
Symlinking /home/coborg/Coborg-Platform/franka_ws/ws/frankapy-public/catkin_ws/devel/lib/python2.7/dist-packages/franka_interface_msgs/msg/__init__.py
Symlinking /home/coborg/Coborg-Platform/franka_ws/ws/frankapy-public/catkin_ws/devel/lib/python2.7/dist-packages/franka_interface_msgs/msg/_ExecuteSkillActionResult.py
Symlinking /home/coborg/Coborg-Platform/franka_ws/ws/frankapy-public/catkin_ws/devel/lib/pkgconfig/franka_interface_msgs.pc
Symlinking /home/coborg/Coborg-Platform/franka_ws/ws/frankapy-public/catkin_ws/devel/share/gennodejs/ros/franka_interface_msgs/_index.js
Symlinking /home/coborg/Coborg-Platform/franka_ws/ws/frankapy-public/catkin_ws/devel/share/gennodejs/ros/franka_interface_msgs/srv/GetCurrentRobotStateCmd.js
Symlinking /home/coborg/Coborg-Platform/franka_ws/ws/frankapy-public/catkin_ws/devel/share/gennodejs/ros/franka_interface_msgs/srv/_index.js
Symlinking /home/coborg/Coborg-Platform/franka_ws/ws/frankapy-public/catkin_ws/devel/share/gennodejs/ros/franka_interface_msgs/srv/GetCurrentFrankaInterfaceStatusCmd.js
Symlinking /home/coborg/Coborg-Platform/franka_ws/ws/frankapy-public/catkin_ws/devel/share/gennodejs/ros/franka_interface_msgs/msg/ExecuteSkillGoal.js
Symlinking /home/coborg/Coborg-Platform/franka_ws/ws/frankapy-public/catkin_ws/devel/share/gennodejs/ros/franka_interface_msgs/msg/ExecuteSkillAction.js
Symlinking /home/coborg/Coborg-Platform/franka_ws/ws/frankapy-public/catkin_ws/devel/share/gennodejs/ros/franka_interface_msgs/msg/ExecuteSkillResult.js
Symlinking /home/coborg/Coborg-Platform/franka_ws/ws/frankapy-public/catkin_ws/devel/share/gennodejs/ros/franka_interface_msgs/msg/SensorData.js
Symlinking /home/coborg/Coborg-Platform/franka_ws/ws/frankapy-public/catkin_ws/devel/share/gennodejs/ros/franka_interface_msgs/msg/ExecuteSkillActionGoal.js
Symlinking /home/coborg/Coborg-Platform/franka_ws/ws/frankapy-public/catkin_ws/devel/share/gennodejs/ros/franka_interface_msgs/msg/RunLoopProcessInfoState.js
Symlinking /home/coborg/Coborg-Platform/franka_ws/ws/frankapy-public/catkin_ws/devel/share/gennodejs/ros/franka_interface_msgs/msg/ExecuteSkillActionResult.js
Symlinking /home/coborg/Coborg-Platform/franka_ws/ws/frankapy-public/catkin_ws/devel/share/gennodejs/ros/franka_interface_msgs/msg/RobotState.js
Symlinking /home/coborg/Coborg-Platform/franka_ws/ws/frankapy-public/catkin_ws/devel/share/gennodejs/ros/franka_interface_msgs/msg/_index.js
Symlinking /home/coborg/Coborg-Platform/franka_ws/ws/frankapy-public/catkin_ws/devel/share/gennodejs/ros/franka_interface_msgs/msg/FrankaInterfaceStatus.js
Symlinking /home/coborg/Coborg-Platform/franka_ws/ws/frankapy-public/catkin_ws/devel/share/gennodejs/ros/franka_interface_msgs/msg/ExecuteSkillFeedback.js
Symlinking /home/coborg/Coborg-Platform/franka_ws/ws/frankapy-public/catkin_ws/devel/share/gennodejs/ros/franka_interface_msgs/msg/ExecuteSkillActionFeedback.js
Symlinking /home/coborg/Coborg-Platform/franka_ws/ws/frankapy-public/catkin_ws/devel/share/gennodejs/ros/franka_interface_msgs/msg/Errors.js
Symlinking /home/coborg/Coborg-Platform/franka_ws/ws/frankapy-public/catkin_ws/devel/share/gennodejs/ros/franka_interface_msgs/msg/SensorDataGroup.js
Symlinking /home/coborg/Coborg-Platform/franka_ws/ws/frankapy-public/catkin_ws/devel/share/common-lisp/ros/franka_interface_msgs/srv/_package_GetCurrentFrankaInterfaceStatusCmd.lisp
Symlinking /home/coborg/Coborg-Platform/franka_ws/ws/frankapy-public/catkin_ws/devel/share/common-lisp/ros/franka_interface_msgs/srv/_package_GetCurrentRobotStateCmd.lisp
Symlinking /home/coborg/Coborg-Platform/franka_ws/ws/frankapy-public/catkin_ws/devel/share/common-lisp/ros/franka_interface_msgs/srv/_package.lisp
Symlinking /home/coborg/Coborg-Platform/franka_ws/ws/frankapy-public/catkin_ws/devel/share/common-lisp/ros/franka_interface_msgs/srv/franka_interface_msgs-srv.asd
Symlinking /home/coborg/Coborg-Platform/franka_ws/ws/frankapy-public/catkin_ws/devel/share/common-lisp/ros/franka_interface_msgs/srv/GetCurrentRobotStateCmd.lisp
Symlinking /home/coborg/Coborg-Platform/franka_ws/ws/frankapy-public/catkin_ws/devel/share/common-lisp/ros/franka_interface_msgs/srv/GetCurrentFrankaInterfaceStatusCmd.lisp
Symlinking /home/coborg/Coborg-Platform/franka_ws/ws/frankapy-public/catkin_ws/devel/share/common-lisp/ros/franka_interface_msgs/msg/RobotState.lisp
Symlinking /home/coborg/Coborg-Platform/franka_ws/ws/frankapy-public/catkin_ws/devel/share/common-lisp/ros/franka_interface_msgs/msg/_package_ExecuteSkillAction.lisp
Symlinking /home/coborg/Coborg-Platform/franka_ws/ws/frankapy-public/catkin_ws/devel/share/common-lisp/ros/franka_interface_msgs/msg/franka_interface_msgs-msg.asd
Symlinking /home/coborg/Coborg-Platform/franka_ws/ws/frankapy-public/catkin_ws/devel/share/common-lisp/ros/franka_interface_msgs/msg/FrankaInterfaceStatus.lisp
Symlinking /home/coborg/Coborg-Platform/franka_ws/ws/frankapy-public/catkin_ws/devel/share/common-lisp/ros/franka_interface_msgs/msg/_package_FrankaInterfaceStatus.lisp
Symlinking /home/coborg/Coborg-Platform/franka_ws/ws/frankapy-public/catkin_ws/devel/share/common-lisp/ros/franka_interface_msgs/msg/_package_RunLoopProcessInfoState.lisp
Symlinking /home/coborg/Coborg-Platform/franka_ws/ws/frankapy-public/catkin_ws/devel/share/common-lisp/ros/franka_interface_msgs/msg/RunLoopProcessInfoState.lisp
Symlinking /home/coborg/Coborg-Platform/franka_ws/ws/frankapy-public/catkin_ws/devel/share/common-lisp/ros/franka_interface_msgs/msg/ExecuteSkillActionGoal.lisp
Symlinking /home/coborg/Coborg-Platform/franka_ws/ws/frankapy-public/catkin_ws/devel/share/common-lisp/ros/franka_interface_msgs/msg/SensorDataGroup.lisp
Symlinking /home/coborg/Coborg-Platform/franka_ws/ws/frankapy-public/catkin_ws/devel/share/common-lisp/ros/franka_interface_msgs/msg/_package_ExecuteSkillActionResult.lisp
Symlinking /home/coborg/Coborg-Platform/franka_ws/ws/frankapy-public/catkin_ws/devel/share/common-lisp/ros/franka_interface_msgs/msg/_package_ExecuteSkillActionGoal.lisp
Symlinking /home/coborg/Coborg-Platform/franka_ws/ws/frankapy-public/catkin_ws/devel/share/common-lisp/ros/franka_interface_msgs/msg/ExecuteSkillGoal.lisp
Symlinking /home/coborg/Coborg-Platform/franka_ws/ws/frankapy-public/catkin_ws/devel/share/common-lisp/ros/franka_interface_msgs/msg/ExecuteSkillActionFeedback.lisp
Symlinking /home/coborg/Coborg-Platform/franka_ws/ws/frankapy-public/catkin_ws/devel/share/common-lisp/ros/franka_interface_msgs/msg/ExecuteSkillAction.lisp
Symlinking /home/coborg/Coborg-Platform/franka_ws/ws/frankapy-public/catkin_ws/devel/share/common-lisp/ros/franka_interface_msgs/msg/_package_Errors.lisp
Symlinking /home/coborg/Coborg-Platform/franka_ws/ws/frankapy-public/catkin_ws/devel/share/common-lisp/ros/franka_interface_msgs/msg/_package_ExecuteSkillResult.lisp
Symlinking /home/coborg/Coborg-Platform/franka_ws/ws/frankapy-public/catkin_ws/devel/share/common-lisp/ros/franka_interface_msgs/msg/ExecuteSkillResult.lisp
Symlinking /home/coborg/Coborg-Platform/franka_ws/ws/frankapy-public/catkin_ws/devel/share/common-lisp/ros/franka_interface_msgs/msg/SensorData.lisp
Symlinking /home/coborg/Coborg-Platform/franka_ws/ws/frankapy-public/catkin_ws/devel/share/common-lisp/ros/franka_interface_msgs/msg/_package.lisp
Symlinking /home/coborg/Coborg-Platform/franka_ws/ws/frankapy-public/catkin_ws/devel/share/common-lisp/ros/franka_interface_msgs/msg/_package_RobotState.lisp
Symlinking /home/coborg/Coborg-Platform/franka_ws/ws/frankapy-public/catkin_ws/devel/share/common-lisp/ros/franka_interface_msgs/msg/ExecuteSkillActionResult.lisp
Symlinking /home/coborg/Coborg-Platform/franka_ws/ws/frankapy-public/catkin_ws/devel/share/common-lisp/ros/franka_interface_msgs/msg/_package_ExecuteSkillActionFeedback.lisp
Symlinking /home/coborg/Coborg-Platform/franka_ws/ws/frankapy-public/catkin_ws/devel/share/common-lisp/ros/franka_interface_msgs/msg/_package_ExecuteSkillFeedback.lisp
Symlinking /home/coborg/Coborg-Platform/franka_ws/ws/frankapy-public/catkin_ws/devel/share/common-lisp/ros/franka_interface_msgs/msg/ExecuteSkillFeedback.lisp
Symlinking /home/coborg/Coborg-Platform/franka_ws/ws/frankapy-public/catkin_ws/devel/share/common-lisp/ros/franka_interface_msgs/msg/_package_ExecuteSkillGoal.lisp
Symlinking /home/coborg/Coborg-Platform/franka_ws/ws/frankapy-public/catkin_ws/devel/share/common-lisp/ros/franka_interface_msgs/msg/Errors.lisp
Symlinking /home/coborg/Coborg-Platform/franka_ws/ws/frankapy-public/catkin_ws/devel/share/common-lisp/ros/franka_interface_msgs/msg/_package_SensorData.lisp
Symlinking /home/coborg/Coborg-Platform/franka_ws/ws/frankapy-public/catkin_ws/devel/share/common-lisp/ros/franka_interface_msgs/msg/_package_SensorDataGroup.lisp
Symlinking /home/coborg/Coborg-Platform/franka_ws/ws/frankapy-public/catkin_ws/devel/share/franka_interface_msgs/msg/ExecuteSkillGoal.msg
Symlinking /home/coborg/Coborg-Platform/franka_ws/ws/frankapy-public/catkin_ws/devel/share/franka_interface_msgs/msg/ExecuteSkillAction.msg
Symlinking /home/coborg/Coborg-Platform/franka_ws/ws/frankapy-public/catkin_ws/devel/share/franka_interface_msgs/msg/ExecuteSkillActionGoal.msg
Symlinking /home/coborg/Coborg-Platform/franka_ws/ws/frankapy-public/catkin_ws/devel/share/franka_interface_msgs/msg/ExecuteSkillFeedback.msg
Symlinking /home/coborg/Coborg-Platform/franka_ws/ws/frankapy-public/catkin_ws/devel/share/franka_interface_msgs/msg/ExecuteSkillResult.msg
Symlinking /home/coborg/Coborg-Platform/franka_ws/ws/frankapy-public/catkin_ws/devel/share/franka_interface_msgs/msg/ExecuteSkillActionResult.msg
Symlinking /home/coborg/Coborg-Platform/franka_ws/ws/frankapy-public/catkin_ws/devel/share/franka_interface_msgs/msg/ExecuteSkillActionFeedback.msg
Symlinking /home/coborg/Coborg-Platform/franka_ws/ws/frankapy-public/catkin_ws/devel/share/franka_interface_msgs/cmake/franka_interface_msgs-msg-extras.cmake
Symlinking /home/coborg/Coborg-Platform/franka_ws/ws/frankapy-public/catkin_ws/devel/share/franka_interface_msgs/cmake/franka_interface_msgsConfig-version.cmake
Symlinking /home/coborg/Coborg-Platform/franka_ws/ws/frankapy-public/catkin_ws/devel/share/franka_interface_msgs/cmake/franka_interface_msgs-msg-paths.cmake
Symlinking /home/coborg/Coborg-Platform/franka_ws/ws/frankapy-public/catkin_ws/devel/share/franka_interface_msgs/cmake/franka_interface_msgsConfig.cmake
Symlinking /home/coborg/Coborg-Platform/franka_ws/ws/frankapy-public/catkin_ws/devel/share/roseus/ros/franka_interface_msgs/manifest.l
Symlinking /home/coborg/Coborg-Platform/franka_ws/ws/frankapy-public/catkin_ws/devel/share/roseus/ros/franka_interface_msgs/srv/GetCurrentRobotStateCmd.l
Symlinking /home/coborg/Coborg-Platform/franka_ws/ws/frankapy-public/catkin_ws/devel/share/roseus/ros/franka_interface_msgs/srv/GetCurrentFrankaInterfaceStatusCmd.l
Symlinking /home/coborg/Coborg-Platform/franka_ws/ws/frankapy-public/catkin_ws/devel/share/roseus/ros/franka_interface_msgs/msg/FrankaInterfaceStatus.l
Symlinking /home/coborg/Coborg-Platform/franka_ws/ws/frankapy-public/catkin_ws/devel/share/roseus/ros/franka_interface_msgs/msg/RunLoopProcessInfoState.l
Symlinking /home/coborg/Coborg-Platform/franka_ws/ws/frankapy-public/catkin_ws/devel/share/roseus/ros/franka_interface_msgs/msg/Errors.l
Symlinking /home/coborg/Coborg-Platform/franka_ws/ws/frankapy-public/catkin_ws/devel/share/roseus/ros/franka_interface_msgs/msg/ExecuteSkillAction.l
Symlinking /home/coborg/Coborg-Platform/franka_ws/ws/frankapy-public/catkin_ws/devel/share/roseus/ros/franka_interface_msgs/msg/RobotState.l
Symlinking /home/coborg/Coborg-Platform/franka_ws/ws/frankapy-public/catkin_ws/devel/share/roseus/ros/franka_interface_msgs/msg/ExecuteSkillResult.l
Symlinking /home/coborg/Coborg-Platform/franka_ws/ws/frankapy-public/catkin_ws/devel/share/roseus/ros/franka_interface_msgs/msg/ExecuteSkillActionResult.l
Symlinking /home/coborg/Coborg-Platform/franka_ws/ws/frankapy-public/catkin_ws/devel/share/roseus/ros/franka_interface_msgs/msg/ExecuteSkillFeedback.l
Symlinking /home/coborg/Coborg-Platform/franka_ws/ws/frankapy-public/catkin_ws/devel/share/roseus/ros/franka_interface_msgs/msg/SensorData.l
Symlinking /home/coborg/Coborg-Platform/franka_ws/ws/frankapy-public/catkin_ws/devel/share/roseus/ros/franka_interface_msgs/msg/ExecuteSkillActionFeedback.l
Symlinking /home/coborg/Coborg-Platform/franka_ws/ws/frankapy-public/catkin_ws/devel/share/roseus/ros/franka_interface_msgs/msg/SensorDataGroup.l
Symlinking /home/coborg/Coborg-Platform/franka_ws/ws/frankapy-public/catkin_ws/devel/share/roseus/ros/franka_interface_msgs/msg/ExecuteSkillActionGoal.l
Symlinking /home/coborg/Coborg-Platform/franka_ws/ws/frankapy-public/catkin_ws/devel/share/roseus/ros/franka_interface_msgs/msg/ExecuteSkillGoal.l
Cleaning: (/home/hwadi/CMU/16-662/lab1/ws/frankapy-public/catkin_ws/devel/.private/franka_interface_msgs/cmake.lock, /home/hwadi/CMU/16-662/lab1/ws/frankapy-public/catkin_ws/devel/./cmake.lock)
Cleaning: (/home/hwadi/CMU/16-662/lab1/ws/frankapy-public/catkin_ws/devel/.private/franka_interface_msgs/include/franka_interface_msgs/SensorData.h, /home/hwadi/CMU/16-662/lab1/ws/frankapy-public/catkin_ws/devel/include/franka_interface_msgs/SensorData.h)
Cleaning: (/home/hwadi/CMU/16-662/lab1/ws/frankapy-public/catkin_ws/devel/.private/franka_interface_msgs/include/franka_interface_msgs/GetCurrentFrankaInterfaceStatusCmd.h, /home/hwadi/CMU/16-662/lab1/ws/frankapy-public/catkin_ws/devel/include/franka_interface_msgs/GetCurrentFrankaInterfaceStatusCmd.h)
Cleaning: (/home/hwadi/CMU/16-662/lab1/ws/frankapy-public/catkin_ws/devel/.private/franka_interface_msgs/include/franka_interface_msgs/ExecuteSkillAction.h, /home/hwadi/CMU/16-662/lab1/ws/frankapy-public/catkin_ws/devel/include/franka_interface_msgs/ExecuteSkillAction.h)
Cleaning: (/home/hwadi/CMU/16-662/lab1/ws/frankapy-public/catkin_ws/devel/.private/franka_interface_msgs/include/franka_interface_msgs/GetCurrentRobotStateCmdResponse.h, /home/hwadi/CMU/16-662/lab1/ws/frankapy-public/catkin_ws/devel/include/franka_interface_msgs/GetCurrentRobotStateCmdResponse.h)
Cleaning: (/home/hwadi/CMU/16-662/lab1/ws/frankapy-public/catkin_ws/devel/.private/franka_interface_msgs/include/franka_interface_msgs/GetCurrentFrankaInterfaceStatusCmdRequest.h, /home/hwadi/CMU/16-662/lab1/ws/frankapy-public/catkin_ws/devel/include/franka_interface_msgs/GetCurrentFrankaInterfaceStatusCmdRequest.h)
Cleaning: (/home/hwadi/CMU/16-662/lab1/ws/frankapy-public/catkin_ws/devel/.private/franka_interface_msgs/include/franka_interface_msgs/GetCurrentRobotStateCmd.h, /home/hwadi/CMU/16-662/lab1/ws/frankapy-public/catkin_ws/devel/include/franka_interface_msgs/GetCurrentRobotStateCmd.h)
Cleaning: (/home/hwadi/CMU/16-662/lab1/ws/frankapy-public/catkin_ws/devel/.private/franka_interface_msgs/include/franka_interface_msgs/ExecuteSkillActionFeedback.h, /home/hwadi/CMU/16-662/lab1/ws/frankapy-public/catkin_ws/devel/include/franka_interface_msgs/ExecuteSkillActionFeedback.h)
Cleaning: (/home/hwadi/CMU/16-662/lab1/ws/frankapy-public/catkin_ws/devel/.private/franka_interface_msgs/include/franka_interface_msgs/ExecuteSkillGoal.h, /home/hwadi/CMU/16-662/lab1/ws/frankapy-public/catkin_ws/devel/include/franka_interface_msgs/ExecuteSkillGoal.h)
Cleaning: (/home/hwadi/CMU/16-662/lab1/ws/frankapy-public/catkin_ws/devel/.private/franka_interface_msgs/include/franka_interface_msgs/ExecuteSkillActionResult.h, /home/hwadi/CMU/16-662/lab1/ws/frankapy-public/catkin_ws/devel/include/franka_interface_msgs/ExecuteSkillActionResult.h)
Cleaning: (/home/hwadi/CMU/16-662/lab1/ws/frankapy-public/catkin_ws/devel/.private/franka_interface_msgs/include/franka_interface_msgs/GetCurrentFrankaInterfaceStatusCmdResponse.h, /home/hwadi/CMU/16-662/lab1/ws/frankapy-public/catkin_ws/devel/include/franka_interface_msgs/GetCurrentFrankaInterfaceStatusCmdResponse.h)
Cleaning: (/home/hwadi/CMU/16-662/lab1/ws/frankapy-public/catkin_ws/devel/.private/franka_interface_msgs/include/franka_interface_msgs/FrankaInterfaceStatus.h, /home/hwadi/CMU/16-662/lab1/ws/frankapy-public/catkin_ws/devel/include/franka_interface_msgs/FrankaInterfaceStatus.h)
Cleaning: (/home/hwadi/CMU/16-662/lab1/ws/frankapy-public/catkin_ws/devel/.private/franka_interface_msgs/include/franka_interface_msgs/RobotState.h, /home/hwadi/CMU/16-662/lab1/ws/frankapy-public/catkin_ws/devel/include/franka_interface_msgs/RobotState.h)
Cleaning: (/home/hwadi/CMU/16-662/lab1/ws/frankapy-public/catkin_ws/devel/.private/franka_interface_msgs/include/franka_interface_msgs/RunLoopProcessInfoState.h, /home/hwadi/CMU/16-662/lab1/ws/frankapy-public/catkin_ws/devel/include/franka_interface_msgs/RunLoopProcessInfoState.h)
Cleaning: (/home/hwadi/CMU/16-662/lab1/ws/frankapy-public/catkin_ws/devel/.private/franka_interface_msgs/include/franka_interface_msgs/GetCurrentRobotStateCmdRequest.h, /home/hwadi/CMU/16-662/lab1/ws/frankapy-public/catkin_ws/devel/include/franka_interface_msgs/GetCurrentRobotStateCmdRequest.h)
Cleaning: (/home/hwadi/CMU/16-662/lab1/ws/frankapy-public/catkin_ws/devel/.private/franka_interface_msgs/include/franka_interface_msgs/ExecuteSkillResult.h, /home/hwadi/CMU/16-662/lab1/ws/frankapy-public/catkin_ws/devel/include/franka_interface_msgs/ExecuteSkillResult.h)
Cleaning: (/home/hwadi/CMU/16-662/lab1/ws/frankapy-public/catkin_ws/devel/.private/franka_interface_msgs/include/franka_interface_msgs/Errors.h, /home/hwadi/CMU/16-662/lab1/ws/frankapy-public/catkin_ws/devel/include/franka_interface_msgs/Errors.h)
Cleaning: (/home/hwadi/CMU/16-662/lab1/ws/frankapy-public/catkin_ws/devel/.private/franka_interface_msgs/include/franka_interface_msgs/ExecuteSkillActionGoal.h, /home/hwadi/CMU/16-662/lab1/ws/frankapy-public/catkin_ws/devel/include/franka_interface_msgs/ExecuteSkillActionGoal.h)
Cleaning: (/home/hwadi/CMU/16-662/lab1/ws/frankapy-public/catkin_ws/devel/.private/franka_interface_msgs/include/franka_interface_msgs/SensorDataGroup.h, /home/hwadi/CMU/16-662/lab1/ws/frankapy-public/catkin_ws/devel/include/franka_interface_msgs/SensorDataGroup.h)
Cleaning: (/home/hwadi/CMU/16-662/lab1/ws/frankapy-public/catkin_ws/devel/.private/franka_interface_msgs/include/franka_interface_msgs/ExecuteSkillFeedback.h, /home/hwadi/CMU/16-662/lab1/ws/frankapy-public/catkin_ws/devel/include/franka_interface_msgs/ExecuteSkillFeedback.h)
Cleaning: (/home/hwadi/CMU/16-662/lab1/ws/frankapy-public/catkin_ws/devel/.private/franka_interface_msgs/lib/python2.7/dist-packages/franka_interface_msgs/__init__.py, /home/hwadi/CMU/16-662/lab1/ws/frankapy-public/catkin_ws/devel/lib/python2.7/dist-packages/franka_interface_msgs/__init__.py)
Cleaning: (/home/hwadi/CMU/16-662/lab1/ws/frankapy-public/catkin_ws/devel/.private/franka_interface_msgs/lib/python2.7/dist-packages/franka_interface_msgs/srv/_GetCurrentFrankaInterfaceStatusCmd.py, /home/hwadi/CMU/16-662/lab1/ws/frankapy-public/catkin_ws/devel/lib/python2.7/dist-packages/franka_interface_msgs/srv/_GetCurrentFrankaInterfaceStatusCmd.py)
Cleaning: (/home/hwadi/CMU/16-662/lab1/ws/frankapy-public/catkin_ws/devel/.private/franka_interface_msgs/lib/python2.7/dist-packages/franka_interface_msgs/srv/_GetCurrentRobotStateCmd.py, /home/hwadi/CMU/16-662/lab1/ws/frankapy-public/catkin_ws/devel/lib/python2.7/dist-packages/franka_interface_msgs/srv/_GetCurrentRobotStateCmd.py)
Cleaning: (/home/hwadi/CMU/16-662/lab1/ws/frankapy-public/catkin_ws/devel/.private/franka_interface_msgs/lib/python2.7/dist-packages/franka_interface_msgs/srv/__init__.py, /home/hwadi/CMU/16-662/lab1/ws/frankapy-public/catkin_ws/devel/lib/python2.7/dist-packages/franka_interface_msgs/srv/__init__.py)
Cleaning: (/home/hwadi/CMU/16-662/lab1/ws/frankapy-public/catkin_ws/devel/.private/franka_interface_msgs/lib/python2.7/dist-packages/franka_interface_msgs/msg/_FrankaInterfaceStatus.py, /home/hwadi/CMU/16-662/lab1/ws/frankapy-public/catkin_ws/devel/lib/python2.7/dist-packages/franka_interface_msgs/msg/_FrankaInterfaceStatus.py)
Cleaning: (/home/hwadi/CMU/16-662/lab1/ws/frankapy-public/catkin_ws/devel/.private/franka_interface_msgs/lib/python2.7/dist-packages/franka_interface_msgs/msg/_Errors.py, /home/hwadi/CMU/16-662/lab1/ws/frankapy-public/catkin_ws/devel/lib/python2.7/dist-packages/franka_interface_msgs/msg/_Errors.py)
Cleaning: (/home/hwadi/CMU/16-662/lab1/ws/frankapy-public/catkin_ws/devel/.private/franka_interface_msgs/lib/python2.7/dist-packages/franka_interface_msgs/msg/_ExecuteSkillGoal.py, /home/hwadi/CMU/16-662/lab1/ws/frankapy-public/catkin_ws/devel/lib/python2.7/dist-packages/franka_interface_msgs/msg/_ExecuteSkillGoal.py)
Cleaning: (/home/hwadi/CMU/16-662/lab1/ws/frankapy-public/catkin_ws/devel/.private/franka_interface_msgs/lib/python2.7/dist-packages/franka_interface_msgs/msg/_SensorData.py, /home/hwadi/CMU/16-662/lab1/ws/frankapy-public/catkin_ws/devel/lib/python2.7/dist-packages/franka_interface_msgs/msg/_SensorData.py)
Cleaning: (/home/hwadi/CMU/16-662/lab1/ws/frankapy-public/catkin_ws/devel/.private/franka_interface_msgs/lib/python2.7/dist-packages/franka_interface_msgs/msg/_SensorDataGroup.py, /home/hwadi/CMU/16-662/lab1/ws/frankapy-public/catkin_ws/devel/lib/python2.7/dist-packages/franka_interface_msgs/msg/_SensorDataGroup.py)
Cleaning: (/home/hwadi/CMU/16-662/lab1/ws/frankapy-public/catkin_ws/devel/.private/franka_interface_msgs/lib/python2.7/dist-packages/franka_interface_msgs/msg/_ExecuteSkillResult.py, /home/hwadi/CMU/16-662/lab1/ws/frankapy-public/catkin_ws/devel/lib/python2.7/dist-packages/franka_interface_msgs/msg/_ExecuteSkillResult.py)
Cleaning: (/home/hwadi/CMU/16-662/lab1/ws/frankapy-public/catkin_ws/devel/.private/franka_interface_msgs/lib/python2.7/dist-packages/franka_interface_msgs/msg/_ExecuteSkillActionGoal.py, /home/hwadi/CMU/16-662/lab1/ws/frankapy-public/catkin_ws/devel/lib/python2.7/dist-packages/franka_interface_msgs/msg/_ExecuteSkillActionGoal.py)
Cleaning: (/home/hwadi/CMU/16-662/lab1/ws/frankapy-public/catkin_ws/devel/.private/franka_interface_msgs/lib/python2.7/dist-packages/franka_interface_msgs/msg/_RobotState.py, /home/hwadi/CMU/16-662/lab1/ws/frankapy-public/catkin_ws/devel/lib/python2.7/dist-packages/franka_interface_msgs/msg/_RobotState.py)
Cleaning: (/home/hwadi/CMU/16-662/lab1/ws/frankapy-public/catkin_ws/devel/.private/franka_interface_msgs/lib/python2.7/dist-packages/franka_interface_msgs/msg/_ExecuteSkillAction.py, /home/hwadi/CMU/16-662/lab1/ws/frankapy-public/catkin_ws/devel/lib/python2.7/dist-packages/franka_interface_msgs/msg/_ExecuteSkillAction.py)
Cleaning: (/home/hwadi/CMU/16-662/lab1/ws/frankapy-public/catkin_ws/devel/.private/franka_interface_msgs/lib/python2.7/dist-packages/franka_interface_msgs/msg/_RunLoopProcessInfoState.py, /home/hwadi/CMU/16-662/lab1/ws/frankapy-public/catkin_ws/devel/lib/python2.7/dist-packages/franka_interface_msgs/msg/_RunLoopProcessInfoState.py)
Cleaning: (/home/hwadi/CMU/16-662/lab1/ws/frankapy-public/catkin_ws/devel/.private/franka_interface_msgs/lib/python2.7/dist-packages/franka_interface_msgs/msg/_ExecuteSkillActionFeedback.py, /home/hwadi/CMU/16-662/lab1/ws/frankapy-public/catkin_ws/devel/lib/python2.7/dist-packages/franka_interface_msgs/msg/_ExecuteSkillActionFeedback.py)
Cleaning: (/home/hwadi/CMU/16-662/lab1/ws/frankapy-public/catkin_ws/devel/.private/franka_interface_msgs/lib/python2.7/dist-packages/franka_interface_msgs/msg/_ExecuteSkillFeedback.py, /home/hwadi/CMU/16-662/lab1/ws/frankapy-public/catkin_ws/devel/lib/python2.7/dist-packages/franka_interface_msgs/msg/_ExecuteSkillFeedback.py)
Cleaning: (/home/hwadi/CMU/16-662/lab1/ws/frankapy-public/catkin_ws/devel/.private/franka_interface_msgs/lib/python2.7/dist-packages/franka_interface_msgs/msg/__init__.py, /home/hwadi/CMU/16-662/lab1/ws/frankapy-public/catkin_ws/devel/lib/python2.7/dist-packages/franka_interface_msgs/msg/__init__.py)
Cleaning: (/home/hwadi/CMU/16-662/lab1/ws/frankapy-public/catkin_ws/devel/.private/franka_interface_msgs/lib/python2.7/dist-packages/franka_interface_msgs/msg/_ExecuteSkillActionResult.py, /home/hwadi/CMU/16-662/lab1/ws/frankapy-public/catkin_ws/devel/lib/python2.7/dist-packages/franka_interface_msgs/msg/_ExecuteSkillActionResult.py)
Cleaning: (/home/hwadi/CMU/16-662/lab1/ws/frankapy-public/catkin_ws/devel/.private/franka_interface_msgs/lib/pkgconfig/franka_interface_msgs.pc, /home/hwadi/CMU/16-662/lab1/ws/frankapy-public/catkin_ws/devel/lib/pkgconfig/franka_interface_msgs.pc)
Cleaning: (/home/hwadi/CMU/16-662/lab1/ws/frankapy-public/catkin_ws/devel/.private/franka_interface_msgs/share/gennodejs/ros/franka_interface_msgs/_index.js, /home/hwadi/CMU/16-662/lab1/ws/frankapy-public/catkin_ws/devel/share/gennodejs/ros/franka_interface_msgs/_index.js)
Cleaning: (/home/hwadi/CMU/16-662/lab1/ws/frankapy-public/catkin_ws/devel/.private/franka_interface_msgs/share/gennodejs/ros/franka_interface_msgs/srv/GetCurrentRobotStateCmd.js, /home/hwadi/CMU/16-662/lab1/ws/frankapy-public/catkin_ws/devel/share/gennodejs/ros/franka_interface_msgs/srv/GetCurrentRobotStateCmd.js)
Cleaning: (/home/hwadi/CMU/16-662/lab1/ws/frankapy-public/catkin_ws/devel/.private/franka_interface_msgs/share/gennodejs/ros/franka_interface_msgs/srv/_index.js, /home/hwadi/CMU/16-662/lab1/ws/frankapy-public/catkin_ws/devel/share/gennodejs/ros/franka_interface_msgs/srv/_index.js)
Cleaning: (/home/hwadi/CMU/16-662/lab1/ws/frankapy-public/catkin_ws/devel/.private/franka_interface_msgs/share/gennodejs/ros/franka_interface_msgs/srv/GetCurrentFrankaInterfaceStatusCmd.js, /home/hwadi/CMU/16-662/lab1/ws/frankapy-public/catkin_ws/devel/share/gennodejs/ros/franka_interface_msgs/srv/GetCurrentFrankaInterfaceStatusCmd.js)
Cleaning: (/home/hwadi/CMU/16-662/lab1/ws/frankapy-public/catkin_ws/devel/.private/franka_interface_msgs/share/gennodejs/ros/franka_interface_msgs/msg/ExecuteSkillGoal.js, /home/hwadi/CMU/16-662/lab1/ws/frankapy-public/catkin_ws/devel/share/gennodejs/ros/franka_interface_msgs/msg/ExecuteSkillGoal.js)
Cleaning: (/home/hwadi/CMU/16-662/lab1/ws/frankapy-public/catkin_ws/devel/.private/franka_interface_msgs/share/gennodejs/ros/franka_interface_msgs/msg/ExecuteSkillAction.js, /home/hwadi/CMU/16-662/lab1/ws/frankapy-public/catkin_ws/devel/share/gennodejs/ros/franka_interface_msgs/msg/ExecuteSkillAction.js)
Cleaning: (/home/hwadi/CMU/16-662/lab1/ws/frankapy-public/catkin_ws/devel/.private/franka_interface_msgs/share/gennodejs/ros/franka_interface_msgs/msg/ExecuteSkillResult.js, /home/hwadi/CMU/16-662/lab1/ws/frankapy-public/catkin_ws/devel/share/gennodejs/ros/franka_interface_msgs/msg/ExecuteSkillResult.js)
Cleaning: (/home/hwadi/CMU/16-662/lab1/ws/frankapy-public/catkin_ws/devel/.private/franka_interface_msgs/share/gennodejs/ros/franka_interface_msgs/msg/SensorData.js, /home/hwadi/CMU/16-662/lab1/ws/frankapy-public/catkin_ws/devel/share/gennodejs/ros/franka_interface_msgs/msg/SensorData.js)
Cleaning: (/home/hwadi/CMU/16-662/lab1/ws/frankapy-public/catkin_ws/devel/.private/franka_interface_msgs/share/gennodejs/ros/franka_interface_msgs/msg/ExecuteSkillActionGoal.js, /home/hwadi/CMU/16-662/lab1/ws/frankapy-public/catkin_ws/devel/share/gennodejs/ros/franka_interface_msgs/msg/ExecuteSkillActionGoal.js)
Cleaning: (/home/hwadi/CMU/16-662/lab1/ws/frankapy-public/catkin_ws/devel/.private/franka_interface_msgs/share/gennodejs/ros/franka_interface_msgs/msg/RunLoopProcessInfoState.js, /home/hwadi/CMU/16-662/lab1/ws/frankapy-public/catkin_ws/devel/share/gennodejs/ros/franka_interface_msgs/msg/RunLoopProcessInfoState.js)
Cleaning: (/home/hwadi/CMU/16-662/lab1/ws/frankapy-public/catkin_ws/devel/.private/franka_interface_msgs/share/gennodejs/ros/franka_interface_msgs/msg/ExecuteSkillActionResult.js, /home/hwadi/CMU/16-662/lab1/ws/frankapy-public/catkin_ws/devel/share/gennodejs/ros/franka_interface_msgs/msg/ExecuteSkillActionResult.js)
Cleaning: (/home/hwadi/CMU/16-662/lab1/ws/frankapy-public/catkin_ws/devel/.private/franka_interface_msgs/share/gennodejs/ros/franka_interface_msgs/msg/RobotState.js, /home/hwadi/CMU/16-662/lab1/ws/frankapy-public/catkin_ws/devel/share/gennodejs/ros/franka_interface_msgs/msg/RobotState.js)
Cleaning: (/home/hwadi/CMU/16-662/lab1/ws/frankapy-public/catkin_ws/devel/.private/franka_interface_msgs/share/gennodejs/ros/franka_interface_msgs/msg/_index.js, /home/hwadi/CMU/16-662/lab1/ws/frankapy-public/catkin_ws/devel/share/gennodejs/ros/franka_interface_msgs/msg/_index.js)
Cleaning: (/home/hwadi/CMU/16-662/lab1/ws/frankapy-public/catkin_ws/devel/.private/franka_interface_msgs/share/gennodejs/ros/franka_interface_msgs/msg/FrankaInterfaceStatus.js, /home/hwadi/CMU/16-662/lab1/ws/frankapy-public/catkin_ws/devel/share/gennodejs/ros/franka_interface_msgs/msg/FrankaInterfaceStatus.js)
Cleaning: (/home/hwadi/CMU/16-662/lab1/ws/frankapy-public/catkin_ws/devel/.private/franka_interface_msgs/share/gennodejs/ros/franka_interface_msgs/msg/ExecuteSkillFeedback.js, /home/hwadi/CMU/16-662/lab1/ws/frankapy-public/catkin_ws/devel/share/gennodejs/ros/franka_interface_msgs/msg/ExecuteSkillFeedback.js)
Cleaning: (/home/hwadi/CMU/16-662/lab1/ws/frankapy-public/catkin_ws/devel/.private/franka_interface_msgs/share/gennodejs/ros/franka_interface_msgs/msg/ExecuteSkillActionFeedback.js, /home/hwadi/CMU/16-662/lab1/ws/frankapy-public/catkin_ws/devel/share/gennodejs/ros/franka_interface_msgs/msg/ExecuteSkillActionFeedback.js)
Cleaning: (/home/hwadi/CMU/16-662/lab1/ws/frankapy-public/catkin_ws/devel/.private/franka_interface_msgs/share/gennodejs/ros/franka_interface_msgs/msg/Errors.js, /home/hwadi/CMU/16-662/lab1/ws/frankapy-public/catkin_ws/devel/share/gennodejs/ros/franka_interface_msgs/msg/Errors.js)
Cleaning: (/home/hwadi/CMU/16-662/lab1/ws/frankapy-public/catkin_ws/devel/.private/franka_interface_msgs/share/gennodejs/ros/franka_interface_msgs/msg/SensorDataGroup.js, /home/hwadi/CMU/16-662/lab1/ws/frankapy-public/catkin_ws/devel/share/gennodejs/ros/franka_interface_msgs/msg/SensorDataGroup.js)
Cleaning: (/home/hwadi/CMU/16-662/lab1/ws/frankapy-public/catkin_ws/devel/.private/franka_interface_msgs/share/common-lisp/ros/franka_interface_msgs/srv/_package_GetCurrentFrankaInterfaceStatusCmd.lisp, /home/hwadi/CMU/16-662/lab1/ws/frankapy-public/catkin_ws/devel/share/common-lisp/ros/franka_interface_msgs/srv/_package_GetCurrentFrankaInterfaceStatusCmd.lisp)
Cleaning: (/home/hwadi/CMU/16-662/lab1/ws/frankapy-public/catkin_ws/devel/.private/franka_interface_msgs/share/common-lisp/ros/franka_interface_msgs/srv/_package_GetCurrentRobotStateCmd.lisp, /home/hwadi/CMU/16-662/lab1/ws/frankapy-public/catkin_ws/devel/share/common-lisp/ros/franka_interface_msgs/srv/_package_GetCurrentRobotStateCmd.lisp)
Cleaning: (/home/hwadi/CMU/16-662/lab1/ws/frankapy-public/catkin_ws/devel/.private/franka_interface_msgs/share/common-lisp/ros/franka_interface_msgs/srv/_package.lisp, /home/hwadi/CMU/16-662/lab1/ws/frankapy-public/catkin_ws/devel/share/common-lisp/ros/franka_interface_msgs/srv/_package.lisp)
Cleaning: (/home/hwadi/CMU/16-662/lab1/ws/frankapy-public/catkin_ws/devel/.private/franka_interface_msgs/share/common-lisp/ros/franka_interface_msgs/srv/franka_interface_msgs-srv.asd, /home/hwadi/CMU/16-662/lab1/ws/frankapy-public/catkin_ws/devel/share/common-lisp/ros/franka_interface_msgs/srv/franka_interface_msgs-srv.asd)
Cleaning: (/home/hwadi/CMU/16-662/lab1/ws/frankapy-public/catkin_ws/devel/.private/franka_interface_msgs/share/common-lisp/ros/franka_interface_msgs/srv/GetCurrentRobotStateCmd.lisp, /home/hwadi/CMU/16-662/lab1/ws/frankapy-public/catkin_ws/devel/share/common-lisp/ros/franka_interface_msgs/srv/GetCurrentRobotStateCmd.lisp)
Cleaning: (/home/hwadi/CMU/16-662/lab1/ws/frankapy-public/catkin_ws/devel/.private/franka_interface_msgs/share/common-lisp/ros/franka_interface_msgs/srv/GetCurrentFrankaInterfaceStatusCmd.lisp, /home/hwadi/CMU/16-662/lab1/ws/frankapy-public/catkin_ws/devel/share/common-lisp/ros/franka_interface_msgs/srv/GetCurrentFrankaInterfaceStatusCmd.lisp)
Cleaning: (/home/hwadi/CMU/16-662/lab1/ws/frankapy-public/catkin_ws/devel/.private/franka_interface_msgs/share/common-lisp/ros/franka_interface_msgs/msg/RobotState.lisp, /home/hwadi/CMU/16-662/lab1/ws/frankapy-public/catkin_ws/devel/share/common-lisp/ros/franka_interface_msgs/msg/RobotState.lisp)
Cleaning: (/home/hwadi/CMU/16-662/lab1/ws/frankapy-public/catkin_ws/devel/.private/franka_interface_msgs/share/common-lisp/ros/franka_interface_msgs/msg/_package_ExecuteSkillAction.lisp, /home/hwadi/CMU/16-662/lab1/ws/frankapy-public/catkin_ws/devel/share/common-lisp/ros/franka_interface_msgs/msg/_package_ExecuteSkillAction.lisp)
Cleaning: (/home/hwadi/CMU/16-662/lab1/ws/frankapy-public/catkin_ws/devel/.private/franka_interface_msgs/share/common-lisp/ros/franka_interface_msgs/msg/franka_interface_msgs-msg.asd, /home/hwadi/CMU/16-662/lab1/ws/frankapy-public/catkin_ws/devel/share/common-lisp/ros/franka_interface_msgs/msg/franka_interface_msgs-msg.asd)
Cleaning: (/home/hwadi/CMU/16-662/lab1/ws/frankapy-public/catkin_ws/devel/.private/franka_interface_msgs/share/common-lisp/ros/franka_interface_msgs/msg/FrankaInterfaceStatus.lisp, /home/hwadi/CMU/16-662/lab1/ws/frankapy-public/catkin_ws/devel/share/common-lisp/ros/franka_interface_msgs/msg/FrankaInterfaceStatus.lisp)
Cleaning: (/home/hwadi/CMU/16-662/lab1/ws/frankapy-public/catkin_ws/devel/.private/franka_interface_msgs/share/common-lisp/ros/franka_interface_msgs/msg/_package_FrankaInterfaceStatus.lisp, /home/hwadi/CMU/16-662/lab1/ws/frankapy-public/catkin_ws/devel/share/common-lisp/ros/franka_interface_msgs/msg/_package_FrankaInterfaceStatus.lisp)
Cleaning: (/home/hwadi/CMU/16-662/lab1/ws/frankapy-public/catkin_ws/devel/.private/franka_interface_msgs/share/common-lisp/ros/franka_interface_msgs/msg/_package_RunLoopProcessInfoState.lisp, /home/hwadi/CMU/16-662/lab1/ws/frankapy-public/catkin_ws/devel/share/common-lisp/ros/franka_interface_msgs/msg/_package_RunLoopProcessInfoState.lisp)
Cleaning: (/home/hwadi/CMU/16-662/lab1/ws/frankapy-public/catkin_ws/devel/.private/franka_interface_msgs/share/common-lisp/ros/franka_interface_msgs/msg/RunLoopProcessInfoState.lisp, /home/hwadi/CMU/16-662/lab1/ws/frankapy-public/catkin_ws/devel/share/common-lisp/ros/franka_interface_msgs/msg/RunLoopProcessInfoState.lisp)
Cleaning: (/home/hwadi/CMU/16-662/lab1/ws/frankapy-public/catkin_ws/devel/.private/franka_interface_msgs/share/common-lisp/ros/franka_interface_msgs/msg/ExecuteSkillActionGoal.lisp, /home/hwadi/CMU/16-662/lab1/ws/frankapy-public/catkin_ws/devel/share/common-lisp/ros/franka_interface_msgs/msg/ExecuteSkillActionGoal.lisp)
Cleaning: (/home/hwadi/CMU/16-662/lab1/ws/frankapy-public/catkin_ws/devel/.private/franka_interface_msgs/share/common-lisp/ros/franka_interface_msgs/msg/SensorDataGroup.lisp, /home/hwadi/CMU/16-662/lab1/ws/frankapy-public/catkin_ws/devel/share/common-lisp/ros/franka_interface_msgs/msg/SensorDataGroup.lisp)
Cleaning: (/home/hwadi/CMU/16-662/lab1/ws/frankapy-public/catkin_ws/devel/.private/franka_interface_msgs/share/common-lisp/ros/franka_interface_msgs/msg/_package_ExecuteSkillActionResult.lisp, /home/hwadi/CMU/16-662/lab1/ws/frankapy-public/catkin_ws/devel/share/common-lisp/ros/franka_interface_msgs/msg/_package_ExecuteSkillActionResult.lisp)
Cleaning: (/home/hwadi/CMU/16-662/lab1/ws/frankapy-public/catkin_ws/devel/.private/franka_interface_msgs/share/common-lisp/ros/franka_interface_msgs/msg/_package_ExecuteSkillActionGoal.lisp, /home/hwadi/CMU/16-662/lab1/ws/frankapy-public/catkin_ws/devel/share/common-lisp/ros/franka_interface_msgs/msg/_package_ExecuteSkillActionGoal.lisp)
Cleaning: (/home/hwadi/CMU/16-662/lab1/ws/frankapy-public/catkin_ws/devel/.private/franka_interface_msgs/share/common-lisp/ros/franka_interface_msgs/msg/ExecuteSkillGoal.lisp, /home/hwadi/CMU/16-662/lab1/ws/frankapy-public/catkin_ws/devel/share/common-lisp/ros/franka_interface_msgs/msg/ExecuteSkillGoal.lisp)
Cleaning: (/home/hwadi/CMU/16-662/lab1/ws/frankapy-public/catkin_ws/devel/.private/franka_interface_msgs/share/common-lisp/ros/franka_interface_msgs/msg/ExecuteSkillActionFeedback.lisp, /home/hwadi/CMU/16-662/lab1/ws/frankapy-public/catkin_ws/devel/share/common-lisp/ros/franka_interface_msgs/msg/ExecuteSkillActionFeedback.lisp)
Cleaning: (/home/hwadi/CMU/16-662/lab1/ws/frankapy-public/catkin_ws/devel/.private/franka_interface_msgs/share/common-lisp/ros/franka_interface_msgs/msg/ExecuteSkillAction.lisp, /home/hwadi/CMU/16-662/lab1/ws/frankapy-public/catkin_ws/devel/share/common-lisp/ros/franka_interface_msgs/msg/ExecuteSkillAction.lisp)
Cleaning: (/home/hwadi/CMU/16-662/lab1/ws/frankapy-public/catkin_ws/devel/.private/franka_interface_msgs/share/common-lisp/ros/franka_interface_msgs/msg/_package_Errors.lisp, /home/hwadi/CMU/16-662/lab1/ws/frankapy-public/catkin_ws/devel/share/common-lisp/ros/franka_interface_msgs/msg/_package_Errors.lisp)
Cleaning: (/home/hwadi/CMU/16-662/lab1/ws/frankapy-public/catkin_ws/devel/.private/franka_interface_msgs/share/common-lisp/ros/franka_interface_msgs/msg/_package_ExecuteSkillResult.lisp, /home/hwadi/CMU/16-662/lab1/ws/frankapy-public/catkin_ws/devel/share/common-lisp/ros/franka_interface_msgs/msg/_package_ExecuteSkillResult.lisp)
Cleaning: (/home/hwadi/CMU/16-662/lab1/ws/frankapy-public/catkin_ws/devel/.private/franka_interface_msgs/share/common-lisp/ros/franka_interface_msgs/msg/ExecuteSkillResult.lisp, /home/hwadi/CMU/16-662/lab1/ws/frankapy-public/catkin_ws/devel/share/common-lisp/ros/franka_interface_msgs/msg/ExecuteSkillResult.lisp)
Cleaning: (/home/hwadi/CMU/16-662/lab1/ws/frankapy-public/catkin_ws/devel/.private/franka_interface_msgs/share/common-lisp/ros/franka_interface_msgs/msg/SensorData.lisp, /home/hwadi/CMU/16-662/lab1/ws/frankapy-public/catkin_ws/devel/share/common-lisp/ros/franka_interface_msgs/msg/SensorData.lisp)
Cleaning: (/home/hwadi/CMU/16-662/lab1/ws/frankapy-public/catkin_ws/devel/.private/franka_interface_msgs/share/common-lisp/ros/franka_interface_msgs/msg/_package.lisp, /home/hwadi/CMU/16-662/lab1/ws/frankapy-public/catkin_ws/devel/share/common-lisp/ros/franka_interface_msgs/msg/_package.lisp)
Cleaning: (/home/hwadi/CMU/16-662/lab1/ws/frankapy-public/catkin_ws/devel/.private/franka_interface_msgs/share/common-lisp/ros/franka_interface_msgs/msg/_package_RobotState.lisp, /home/hwadi/CMU/16-662/lab1/ws/frankapy-public/catkin_ws/devel/share/common-lisp/ros/franka_interface_msgs/msg/_package_RobotState.lisp)
Cleaning: (/home/hwadi/CMU/16-662/lab1/ws/frankapy-public/catkin_ws/devel/.private/franka_interface_msgs/share/common-lisp/ros/franka_interface_msgs/msg/ExecuteSkillActionResult.lisp, /home/hwadi/CMU/16-662/lab1/ws/frankapy-public/catkin_ws/devel/share/common-lisp/ros/franka_interface_msgs/msg/ExecuteSkillActionResult.lisp)
Cleaning: (/home/hwadi/CMU/16-662/lab1/ws/frankapy-public/catkin_ws/devel/.private/franka_interface_msgs/share/common-lisp/ros/franka_interface_msgs/msg/_package_ExecuteSkillActionFeedback.lisp, /home/hwadi/CMU/16-662/lab1/ws/frankapy-public/catkin_ws/devel/share/common-lisp/ros/franka_interface_msgs/msg/_package_ExecuteSkillActionFeedback.lisp)
Cleaning: (/home/hwadi/CMU/16-662/lab1/ws/frankapy-public/catkin_ws/devel/.private/franka_interface_msgs/share/common-lisp/ros/franka_interface_msgs/msg/_package_ExecuteSkillFeedback.lisp, /home/hwadi/CMU/16-662/lab1/ws/frankapy-public/catkin_ws/devel/share/common-lisp/ros/franka_interface_msgs/msg/_package_ExecuteSkillFeedback.lisp)
Cleaning: (/home/hwadi/CMU/16-662/lab1/ws/frankapy-public/catkin_ws/devel/.private/franka_interface_msgs/share/common-lisp/ros/franka_interface_msgs/msg/ExecuteSkillFeedback.lisp, /home/hwadi/CMU/16-662/lab1/ws/frankapy-public/catkin_ws/devel/share/common-lisp/ros/franka_interface_msgs/msg/ExecuteSkillFeedback.lisp)
Cleaning: (/home/hwadi/CMU/16-662/lab1/ws/frankapy-public/catkin_ws/devel/.private/franka_interface_msgs/share/common-lisp/ros/franka_interface_msgs/msg/_package_ExecuteSkillGoal.lisp, /home/hwadi/CMU/16-662/lab1/ws/frankapy-public/catkin_ws/devel/share/common-lisp/ros/franka_interface_msgs/msg/_package_ExecuteSkillGoal.lisp)
Cleaning: (/home/hwadi/CMU/16-662/lab1/ws/frankapy-public/catkin_ws/devel/.private/franka_interface_msgs/share/common-lisp/ros/franka_interface_msgs/msg/Errors.lisp, /home/hwadi/CMU/16-662/lab1/ws/frankapy-public/catkin_ws/devel/share/common-lisp/ros/franka_interface_msgs/msg/Errors.lisp)
Cleaning: (/home/hwadi/CMU/16-662/lab1/ws/frankapy-public/catkin_ws/devel/.private/franka_interface_msgs/share/common-lisp/ros/franka_interface_msgs/msg/_package_SensorData.lisp, /home/hwadi/CMU/16-662/lab1/ws/frankapy-public/catkin_ws/devel/share/common-lisp/ros/franka_interface_msgs/msg/_package_SensorData.lisp)
Cleaning: (/home/hwadi/CMU/16-662/lab1/ws/frankapy-public/catkin_ws/devel/.private/franka_interface_msgs/share/common-lisp/ros/franka_interface_msgs/msg/_package_SensorDataGroup.lisp, /home/hwadi/CMU/16-662/lab1/ws/frankapy-public/catkin_ws/devel/share/common-lisp/ros/franka_interface_msgs/msg/_package_SensorDataGroup.lisp)
Cleaning: (/home/hwadi/CMU/16-662/lab1/ws/frankapy-public/catkin_ws/devel/.private/franka_interface_msgs/share/franka_interface_msgs/msg/ExecuteSkillGoal.msg, /home/hwadi/CMU/16-662/lab1/ws/frankapy-public/catkin_ws/devel/share/franka_interface_msgs/msg/ExecuteSkillGoal.msg)
Cleaning: (/home/hwadi/CMU/16-662/lab1/ws/frankapy-public/catkin_ws/devel/.private/franka_interface_msgs/share/franka_interface_msgs/msg/ExecuteSkillAction.msg, /home/hwadi/CMU/16-662/lab1/ws/frankapy-public/catkin_ws/devel/share/franka_interface_msgs/msg/ExecuteSkillAction.msg)
Cleaning: (/home/hwadi/CMU/16-662/lab1/ws/frankapy-public/catkin_ws/devel/.private/franka_interface_msgs/share/franka_interface_msgs/msg/ExecuteSkillActionGoal.msg, /home/hwadi/CMU/16-662/lab1/ws/frankapy-public/catkin_ws/devel/share/franka_interface_msgs/msg/ExecuteSkillActionGoal.msg)
Cleaning: (/home/hwadi/CMU/16-662/lab1/ws/frankapy-public/catkin_ws/devel/.private/franka_interface_msgs/share/franka_interface_msgs/msg/ExecuteSkillFeedback.msg, /home/hwadi/CMU/16-662/lab1/ws/frankapy-public/catkin_ws/devel/share/franka_interface_msgs/msg/ExecuteSkillFeedback.msg)
Cleaning: (/home/hwadi/CMU/16-662/lab1/ws/frankapy-public/catkin_ws/devel/.private/franka_interface_msgs/share/franka_interface_msgs/msg/ExecuteSkillResult.msg, /home/hwadi/CMU/16-662/lab1/ws/frankapy-public/catkin_ws/devel/share/franka_interface_msgs/msg/ExecuteSkillResult.msg)
Cleaning: (/home/hwadi/CMU/16-662/lab1/ws/frankapy-public/catkin_ws/devel/.private/franka_interface_msgs/share/franka_interface_msgs/msg/ExecuteSkillActionResult.msg, /home/hwadi/CMU/16-662/lab1/ws/frankapy-public/catkin_ws/devel/share/franka_interface_msgs/msg/ExecuteSkillActionResult.msg)
Cleaning: (/home/hwadi/CMU/16-662/lab1/ws/frankapy-public/catkin_ws/devel/.private/franka_interface_msgs/share/franka_interface_msgs/msg/ExecuteSkillActionFeedback.msg, /home/hwadi/CMU/16-662/lab1/ws/frankapy-public/catkin_ws/devel/share/franka_interface_msgs/msg/ExecuteSkillActionFeedback.msg)
Cleaning: (/home/hwadi/CMU/16-662/lab1/ws/frankapy-public/catkin_ws/devel/.private/franka_interface_msgs/share/franka_interface_msgs/cmake/franka_interface_msgs-msg-extras.cmake, /home/hwadi/CMU/16-662/lab1/ws/frankapy-public/catkin_ws/devel/share/franka_interface_msgs/cmake/franka_interface_msgs-msg-extras.cmake)
Cleaning: (/home/hwadi/CMU/16-662/lab1/ws/frankapy-public/catkin_ws/devel/.private/franka_interface_msgs/share/franka_interface_msgs/cmake/franka_interface_msgsConfig-version.cmake, /home/hwadi/CMU/16-662/lab1/ws/frankapy-public/catkin_ws/devel/share/franka_interface_msgs/cmake/franka_interface_msgsConfig-version.cmake)
Cleaning: (/home/hwadi/CMU/16-662/lab1/ws/frankapy-public/catkin_ws/devel/.private/franka_interface_msgs/share/franka_interface_msgs/cmake/franka_interface_msgs-msg-paths.cmake, /home/hwadi/CMU/16-662/lab1/ws/frankapy-public/catkin_ws/devel/share/franka_interface_msgs/cmake/franka_interface_msgs-msg-paths.cmake)
Cleaning: (/home/hwadi/CMU/16-662/lab1/ws/frankapy-public/catkin_ws/devel/.private/franka_interface_msgs/share/franka_interface_msgs/cmake/franka_interface_msgsConfig.cmake, /home/hwadi/CMU/16-662/lab1/ws/frankapy-public/catkin_ws/devel/share/franka_interface_msgs/cmake/franka_interface_msgsConfig.cmake)
Cleaning: (/home/hwadi/CMU/16-662/lab1/ws/frankapy-public/catkin_ws/devel/.private/franka_interface_msgs/share/roseus/ros/franka_interface_msgs/manifest.l, /home/hwadi/CMU/16-662/lab1/ws/frankapy-public/catkin_ws/devel/share/roseus/ros/franka_interface_msgs/manifest.l)
Cleaning: (/home/hwadi/CMU/16-662/lab1/ws/frankapy-public/catkin_ws/devel/.private/franka_interface_msgs/share/roseus/ros/franka_interface_msgs/srv/GetCurrentRobotStateCmd.l, /home/hwadi/CMU/16-662/lab1/ws/frankapy-public/catkin_ws/devel/share/roseus/ros/franka_interface_msgs/srv/GetCurrentRobotStateCmd.l)
Cleaning: (/home/hwadi/CMU/16-662/lab1/ws/frankapy-public/catkin_ws/devel/.private/franka_interface_msgs/share/roseus/ros/franka_interface_msgs/srv/GetCurrentFrankaInterfaceStatusCmd.l, /home/hwadi/CMU/16-662/lab1/ws/frankapy-public/catkin_ws/devel/share/roseus/ros/franka_interface_msgs/srv/GetCurrentFrankaInterfaceStatusCmd.l)
Cleaning: (/home/hwadi/CMU/16-662/lab1/ws/frankapy-public/catkin_ws/devel/.private/franka_interface_msgs/share/roseus/ros/franka_interface_msgs/msg/FrankaInterfaceStatus.l, /home/hwadi/CMU/16-662/lab1/ws/frankapy-public/catkin_ws/devel/share/roseus/ros/franka_interface_msgs/msg/FrankaInterfaceStatus.l)
Cleaning: (/home/hwadi/CMU/16-662/lab1/ws/frankapy-public/catkin_ws/devel/.private/franka_interface_msgs/share/roseus/ros/franka_interface_msgs/msg/RunLoopProcessInfoState.l, /home/hwadi/CMU/16-662/lab1/ws/frankapy-public/catkin_ws/devel/share/roseus/ros/franka_interface_msgs/msg/RunLoopProcessInfoState.l)
Cleaning: (/home/hwadi/CMU/16-662/lab1/ws/frankapy-public/catkin_ws/devel/.private/franka_interface_msgs/share/roseus/ros/franka_interface_msgs/msg/Errors.l, /home/hwadi/CMU/16-662/lab1/ws/frankapy-public/catkin_ws/devel/share/roseus/ros/franka_interface_msgs/msg/Errors.l)
Cleaning: (/home/hwadi/CMU/16-662/lab1/ws/frankapy-public/catkin_ws/devel/.private/franka_interface_msgs/share/roseus/ros/franka_interface_msgs/msg/ExecuteSkillAction.l, /home/hwadi/CMU/16-662/lab1/ws/frankapy-public/catkin_ws/devel/share/roseus/ros/franka_interface_msgs/msg/ExecuteSkillAction.l)
Cleaning: (/home/hwadi/CMU/16-662/lab1/ws/frankapy-public/catkin_ws/devel/.private/franka_interface_msgs/share/roseus/ros/franka_interface_msgs/msg/RobotState.l, /home/hwadi/CMU/16-662/lab1/ws/frankapy-public/catkin_ws/devel/share/roseus/ros/franka_interface_msgs/msg/RobotState.l)
Cleaning: (/home/hwadi/CMU/16-662/lab1/ws/frankapy-public/catkin_ws/devel/.private/franka_interface_msgs/share/roseus/ros/franka_interface_msgs/msg/ExecuteSkillResult.l, /home/hwadi/CMU/16-662/lab1/ws/frankapy-public/catkin_ws/devel/share/roseus/ros/franka_interface_msgs/msg/ExecuteSkillResult.l)
Cleaning: (/home/hwadi/CMU/16-662/lab1/ws/frankapy-public/catkin_ws/devel/.private/franka_interface_msgs/share/roseus/ros/franka_interface_msgs/msg/ExecuteSkillActionResult.l, /home/hwadi/CMU/16-662/lab1/ws/frankapy-public/catkin_ws/devel/share/roseus/ros/franka_interface_msgs/msg/ExecuteSkillActionResult.l)
Cleaning: (/home/hwadi/CMU/16-662/lab1/ws/frankapy-public/catkin_ws/devel/.private/franka_interface_msgs/share/roseus/ros/franka_interface_msgs/msg/ExecuteSkillFeedback.l, /home/hwadi/CMU/16-662/lab1/ws/frankapy-public/catkin_ws/devel/share/roseus/ros/franka_interface_msgs/msg/ExecuteSkillFeedback.l)
Cleaning: (/home/hwadi/CMU/16-662/lab1/ws/frankapy-public/catkin_ws/devel/.private/franka_interface_msgs/share/roseus/ros/franka_interface_msgs/msg/SensorData.l, /home/hwadi/CMU/16-662/lab1/ws/frankapy-public/catkin_ws/devel/share/roseus/ros/franka_interface_msgs/msg/SensorData.l)
Cleaning: (/home/hwadi/CMU/16-662/lab1/ws/frankapy-public/catkin_ws/devel/.private/franka_interface_msgs/share/roseus/ros/franka_interface_msgs/msg/ExecuteSkillActionFeedback.l, /home/hwadi/CMU/16-662/lab1/ws/frankapy-public/catkin_ws/devel/share/roseus/ros/franka_interface_msgs/msg/ExecuteSkillActionFeedback.l)
Cleaning: (/home/hwadi/CMU/16-662/lab1/ws/frankapy-public/catkin_ws/devel/.private/franka_interface_msgs/share/roseus/ros/franka_interface_msgs/msg/SensorDataGroup.l, /home/hwadi/CMU/16-662/lab1/ws/frankapy-public/catkin_ws/devel/share/roseus/ros/franka_interface_msgs/msg/SensorDataGroup.l)
Cleaning: (/home/hwadi/CMU/16-662/lab1/ws/frankapy-public/catkin_ws/devel/.private/franka_interface_msgs/share/roseus/ros/franka_interface_msgs/msg/ExecuteSkillActionGoal.l, /home/hwadi/CMU/16-662/lab1/ws/frankapy-public/catkin_ws/devel/share/roseus/ros/franka_interface_msgs/msg/ExecuteSkillActionGoal.l)
Cleaning: (/home/hwadi/CMU/16-662/lab1/ws/frankapy-public/catkin_ws/devel/.private/franka_interface_msgs/share/roseus/ros/franka_interface_msgs/msg/ExecuteSkillGoal.l, /home/hwadi/CMU/16-662/lab1/ws/frankapy-public/catkin_ws/devel/share/roseus/ros/franka_interface_msgs/msg/ExecuteSkillGoal.l)
Unlinking: /home/hwadi/CMU/16-662/lab1/ws/frankapy-public/catkin_ws/devel/./cmake.lock
Already unlinked: {}
Unlinking: /home/hwadi/CMU/16-662/lab1/ws/frankapy-public/catkin_ws/devel/include/franka_interface_msgs/SensorData.h
Already unlinked: {}
Unlinking: /home/hwadi/CMU/16-662/lab1/ws/frankapy-public/catkin_ws/devel/include/franka_interface_msgs/GetCurrentFrankaInterfaceStatusCmd.h
Already unlinked: {}
Unlinking: /home/hwadi/CMU/16-662/lab1/ws/frankapy-public/catkin_ws/devel/include/franka_interface_msgs/ExecuteSkillAction.h
Already unlinked: {}
Unlinking: /home/hwadi/CMU/16-662/lab1/ws/frankapy-public/catkin_ws/devel/include/franka_interface_msgs/GetCurrentRobotStateCmdResponse.h
Already unlinked: {}
Unlinking: /home/hwadi/CMU/16-662/lab1/ws/frankapy-public/catkin_ws/devel/include/franka_interface_msgs/GetCurrentFrankaInterfaceStatusCmdRequest.h
Already unlinked: {}
Unlinking: /home/hwadi/CMU/16-662/lab1/ws/frankapy-public/catkin_ws/devel/include/franka_interface_msgs/GetCurrentRobotStateCmd.h
Already unlinked: {}
Unlinking: /home/hwadi/CMU/16-662/lab1/ws/frankapy-public/catkin_ws/devel/include/franka_interface_msgs/ExecuteSkillActionFeedback.h
Already unlinked: {}
Unlinking: /home/hwadi/CMU/16-662/lab1/ws/frankapy-public/catkin_ws/devel/include/franka_interface_msgs/ExecuteSkillGoal.h
Already unlinked: {}
Unlinking: /home/hwadi/CMU/16-662/lab1/ws/frankapy-public/catkin_ws/devel/include/franka_interface_msgs/ExecuteSkillActionResult.h
Already unlinked: {}
Unlinking: /home/hwadi/CMU/16-662/lab1/ws/frankapy-public/catkin_ws/devel/include/franka_interface_msgs/GetCurrentFrankaInterfaceStatusCmdResponse.h
Already unlinked: {}
Unlinking: /home/hwadi/CMU/16-662/lab1/ws/frankapy-public/catkin_ws/devel/include/franka_interface_msgs/FrankaInterfaceStatus.h
Already unlinked: {}
Unlinking: /home/hwadi/CMU/16-662/lab1/ws/frankapy-public/catkin_ws/devel/include/franka_interface_msgs/RobotState.h
Already unlinked: {}
Unlinking: /home/hwadi/CMU/16-662/lab1/ws/frankapy-public/catkin_ws/devel/include/franka_interface_msgs/RunLoopProcessInfoState.h
Already unlinked: {}
Unlinking: /home/hwadi/CMU/16-662/lab1/ws/frankapy-public/catkin_ws/devel/include/franka_interface_msgs/GetCurrentRobotStateCmdRequest.h
Already unlinked: {}
Unlinking: /home/hwadi/CMU/16-662/lab1/ws/frankapy-public/catkin_ws/devel/include/franka_interface_msgs/ExecuteSkillResult.h
Already unlinked: {}
Unlinking: /home/hwadi/CMU/16-662/lab1/ws/frankapy-public/catkin_ws/devel/include/franka_interface_msgs/Errors.h
Already unlinked: {}
Unlinking: /home/hwadi/CMU/16-662/lab1/ws/frankapy-public/catkin_ws/devel/include/franka_interface_msgs/ExecuteSkillActionGoal.h
Already unlinked: {}
Unlinking: /home/hwadi/CMU/16-662/lab1/ws/frankapy-public/catkin_ws/devel/include/franka_interface_msgs/SensorDataGroup.h
Already unlinked: {}
Unlinking: /home/hwadi/CMU/16-662/lab1/ws/frankapy-public/catkin_ws/devel/include/franka_interface_msgs/ExecuteSkillFeedback.h
Already unlinked: {}
Unlinking: /home/hwadi/CMU/16-662/lab1/ws/frankapy-public/catkin_ws/devel/lib/python2.7/dist-packages/franka_interface_msgs/__init__.py
Already unlinked: {}
Unlinking: /home/hwadi/CMU/16-662/lab1/ws/frankapy-public/catkin_ws/devel/lib/python2.7/dist-packages/franka_interface_msgs/srv/_GetCurrentFrankaInterfaceStatusCmd.py
Already unlinked: {}
Unlinking: /home/hwadi/CMU/16-662/lab1/ws/frankapy-public/catkin_ws/devel/lib/python2.7/dist-packages/franka_interface_msgs/srv/_GetCurrentRobotStateCmd.py
Already unlinked: {}
Unlinking: /home/hwadi/CMU/16-662/lab1/ws/frankapy-public/catkin_ws/devel/lib/python2.7/dist-packages/franka_interface_msgs/srv/__init__.py
Already unlinked: {}
Unlinking: /home/hwadi/CMU/16-662/lab1/ws/frankapy-public/catkin_ws/devel/lib/python2.7/dist-packages/franka_interface_msgs/msg/_FrankaInterfaceStatus.py
Already unlinked: {}
Unlinking: /home/hwadi/CMU/16-662/lab1/ws/frankapy-public/catkin_ws/devel/lib/python2.7/dist-packages/franka_interface_msgs/msg/_Errors.py
Already unlinked: {}
Unlinking: /home/hwadi/CMU/16-662/lab1/ws/frankapy-public/catkin_ws/devel/lib/python2.7/dist-packages/franka_interface_msgs/msg/_ExecuteSkillGoal.py
Already unlinked: {}
Unlinking: /home/hwadi/CMU/16-662/lab1/ws/frankapy-public/catkin_ws/devel/lib/python2.7/dist-packages/franka_interface_msgs/msg/_SensorData.py
Already unlinked: {}
Unlinking: /home/hwadi/CMU/16-662/lab1/ws/frankapy-public/catkin_ws/devel/lib/python2.7/dist-packages/franka_interface_msgs/msg/_SensorDataGroup.py
Already unlinked: {}
Unlinking: /home/hwadi/CMU/16-662/lab1/ws/frankapy-public/catkin_ws/devel/lib/python2.7/dist-packages/franka_interface_msgs/msg/_ExecuteSkillResult.py
Already unlinked: {}
Unlinking: /home/hwadi/CMU/16-662/lab1/ws/frankapy-public/catkin_ws/devel/lib/python2.7/dist-packages/franka_interface_msgs/msg/_ExecuteSkillActionGoal.py
Already unlinked: {}
Unlinking: /home/hwadi/CMU/16-662/lab1/ws/frankapy-public/catkin_ws/devel/lib/python2.7/dist-packages/franka_interface_msgs/msg/_RobotState.py
Already unlinked: {}
Unlinking: /home/hwadi/CMU/16-662/lab1/ws/frankapy-public/catkin_ws/devel/lib/python2.7/dist-packages/franka_interface_msgs/msg/_ExecuteSkillAction.py
Already unlinked: {}
Unlinking: /home/hwadi/CMU/16-662/lab1/ws/frankapy-public/catkin_ws/devel/lib/python2.7/dist-packages/franka_interface_msgs/msg/_RunLoopProcessInfoState.py
Already unlinked: {}
Unlinking: /home/hwadi/CMU/16-662/lab1/ws/frankapy-public/catkin_ws/devel/lib/python2.7/dist-packages/franka_interface_msgs/msg/_ExecuteSkillActionFeedback.py
Already unlinked: {}
Unlinking: /home/hwadi/CMU/16-662/lab1/ws/frankapy-public/catkin_ws/devel/lib/python2.7/dist-packages/franka_interface_msgs/msg/_ExecuteSkillFeedback.py
Already unlinked: {}
Unlinking: /home/hwadi/CMU/16-662/lab1/ws/frankapy-public/catkin_ws/devel/lib/python2.7/dist-packages/franka_interface_msgs/msg/__init__.py
Already unlinked: {}
Unlinking: /home/hwadi/CMU/16-662/lab1/ws/frankapy-public/catkin_ws/devel/lib/python2.7/dist-packages/franka_interface_msgs/msg/_ExecuteSkillActionResult.py
Already unlinked: {}
Unlinking: /home/hwadi/CMU/16-662/lab1/ws/frankapy-public/catkin_ws/devel/lib/pkgconfig/franka_interface_msgs.pc
Already unlinked: {}
Unlinking: /home/hwadi/CMU/16-662/lab1/ws/frankapy-public/catkin_ws/devel/share/gennodejs/ros/franka_interface_msgs/_index.js
Already unlinked: {}
Unlinking: /home/hwadi/CMU/16-662/lab1/ws/frankapy-public/catkin_ws/devel/share/gennodejs/ros/franka_interface_msgs/srv/GetCurrentRobotStateCmd.js
Already unlinked: {}
Unlinking: /home/hwadi/CMU/16-662/lab1/ws/frankapy-public/catkin_ws/devel/share/gennodejs/ros/franka_interface_msgs/srv/_index.js
Already unlinked: {}
Unlinking: /home/hwadi/CMU/16-662/lab1/ws/frankapy-public/catkin_ws/devel/share/gennodejs/ros/franka_interface_msgs/srv/GetCurrentFrankaInterfaceStatusCmd.js
Already unlinked: {}
Unlinking: /home/hwadi/CMU/16-662/lab1/ws/frankapy-public/catkin_ws/devel/share/gennodejs/ros/franka_interface_msgs/msg/ExecuteSkillGoal.js
Already unlinked: {}
Unlinking: /home/hwadi/CMU/16-662/lab1/ws/frankapy-public/catkin_ws/devel/share/gennodejs/ros/franka_interface_msgs/msg/ExecuteSkillAction.js
Already unlinked: {}
Unlinking: /home/hwadi/CMU/16-662/lab1/ws/frankapy-public/catkin_ws/devel/share/gennodejs/ros/franka_interface_msgs/msg/ExecuteSkillResult.js
Already unlinked: {}
Unlinking: /home/hwadi/CMU/16-662/lab1/ws/frankapy-public/catkin_ws/devel/share/gennodejs/ros/franka_interface_msgs/msg/SensorData.js
Already unlinked: {}
Unlinking: /home/hwadi/CMU/16-662/lab1/ws/frankapy-public/catkin_ws/devel/share/gennodejs/ros/franka_interface_msgs/msg/ExecuteSkillActionGoal.js
Already unlinked: {}
Unlinking: /home/hwadi/CMU/16-662/lab1/ws/frankapy-public/catkin_ws/devel/share/gennodejs/ros/franka_interface_msgs/msg/RunLoopProcessInfoState.js
Already unlinked: {}
Unlinking: /home/hwadi/CMU/16-662/lab1/ws/frankapy-public/catkin_ws/devel/share/gennodejs/ros/franka_interface_msgs/msg/ExecuteSkillActionResult.js
Already unlinked: {}
Unlinking: /home/hwadi/CMU/16-662/lab1/ws/frankapy-public/catkin_ws/devel/share/gennodejs/ros/franka_interface_msgs/msg/RobotState.js
Already unlinked: {}
Unlinking: /home/hwadi/CMU/16-662/lab1/ws/frankapy-public/catkin_ws/devel/share/gennodejs/ros/franka_interface_msgs/msg/_index.js
Already unlinked: {}
Unlinking: /home/hwadi/CMU/16-662/lab1/ws/frankapy-public/catkin_ws/devel/share/gennodejs/ros/franka_interface_msgs/msg/FrankaInterfaceStatus.js
Already unlinked: {}
Unlinking: /home/hwadi/CMU/16-662/lab1/ws/frankapy-public/catkin_ws/devel/share/gennodejs/ros/franka_interface_msgs/msg/ExecuteSkillFeedback.js
Already unlinked: {}
Unlinking: /home/hwadi/CMU/16-662/lab1/ws/frankapy-public/catkin_ws/devel/share/gennodejs/ros/franka_interface_msgs/msg/ExecuteSkillActionFeedback.js
Already unlinked: {}
Unlinking: /home/hwadi/CMU/16-662/lab1/ws/frankapy-public/catkin_ws/devel/share/gennodejs/ros/franka_interface_msgs/msg/Errors.js
Already unlinked: {}
Unlinking: /home/hwadi/CMU/16-662/lab1/ws/frankapy-public/catkin_ws/devel/share/gennodejs/ros/franka_interface_msgs/msg/SensorDataGroup.js
Already unlinked: {}
Unlinking: /home/hwadi/CMU/16-662/lab1/ws/frankapy-public/catkin_ws/devel/share/common-lisp/ros/franka_interface_msgs/srv/_package_GetCurrentFrankaInterfaceStatusCmd.lisp
Already unlinked: {}
Unlinking: /home/hwadi/CMU/16-662/lab1/ws/frankapy-public/catkin_ws/devel/share/common-lisp/ros/franka_interface_msgs/srv/_package_GetCurrentRobotStateCmd.lisp
Already unlinked: {}
Unlinking: /home/hwadi/CMU/16-662/lab1/ws/frankapy-public/catkin_ws/devel/share/common-lisp/ros/franka_interface_msgs/srv/_package.lisp
Already unlinked: {}
Unlinking: /home/hwadi/CMU/16-662/lab1/ws/frankapy-public/catkin_ws/devel/share/common-lisp/ros/franka_interface_msgs/srv/franka_interface_msgs-srv.asd
Already unlinked: {}
Unlinking: /home/hwadi/CMU/16-662/lab1/ws/frankapy-public/catkin_ws/devel/share/common-lisp/ros/franka_interface_msgs/srv/GetCurrentRobotStateCmd.lisp
Already unlinked: {}
Unlinking: /home/hwadi/CMU/16-662/lab1/ws/frankapy-public/catkin_ws/devel/share/common-lisp/ros/franka_interface_msgs/srv/GetCurrentFrankaInterfaceStatusCmd.lisp
Already unlinked: {}
Unlinking: /home/hwadi/CMU/16-662/lab1/ws/frankapy-public/catkin_ws/devel/share/common-lisp/ros/franka_interface_msgs/msg/RobotState.lisp
Already unlinked: {}
Unlinking: /home/hwadi/CMU/16-662/lab1/ws/frankapy-public/catkin_ws/devel/share/common-lisp/ros/franka_interface_msgs/msg/_package_ExecuteSkillAction.lisp
Already unlinked: {}
Unlinking: /home/hwadi/CMU/16-662/lab1/ws/frankapy-public/catkin_ws/devel/share/common-lisp/ros/franka_interface_msgs/msg/franka_interface_msgs-msg.asd
Already unlinked: {}
Unlinking: /home/hwadi/CMU/16-662/lab1/ws/frankapy-public/catkin_ws/devel/share/common-lisp/ros/franka_interface_msgs/msg/FrankaInterfaceStatus.lisp
Already unlinked: {}
Unlinking: /home/hwadi/CMU/16-662/lab1/ws/frankapy-public/catkin_ws/devel/share/common-lisp/ros/franka_interface_msgs/msg/_package_FrankaInterfaceStatus.lisp
Already unlinked: {}
Unlinking: /home/hwadi/CMU/16-662/lab1/ws/frankapy-public/catkin_ws/devel/share/common-lisp/ros/franka_interface_msgs/msg/_package_RunLoopProcessInfoState.lisp
Already unlinked: {}
Unlinking: /home/hwadi/CMU/16-662/lab1/ws/frankapy-public/catkin_ws/devel/share/common-lisp/ros/franka_interface_msgs/msg/RunLoopProcessInfoState.lisp
Already unlinked: {}
Unlinking: /home/hwadi/CMU/16-662/lab1/ws/frankapy-public/catkin_ws/devel/share/common-lisp/ros/franka_interface_msgs/msg/ExecuteSkillActionGoal.lisp
Already unlinked: {}
Unlinking: /home/hwadi/CMU/16-662/lab1/ws/frankapy-public/catkin_ws/devel/share/common-lisp/ros/franka_interface_msgs/msg/SensorDataGroup.lisp
Already unlinked: {}
Unlinking: /home/hwadi/CMU/16-662/lab1/ws/frankapy-public/catkin_ws/devel/share/common-lisp/ros/franka_interface_msgs/msg/_package_ExecuteSkillActionResult.lisp
Already unlinked: {}
Unlinking: /home/hwadi/CMU/16-662/lab1/ws/frankapy-public/catkin_ws/devel/share/common-lisp/ros/franka_interface_msgs/msg/_package_ExecuteSkillActionGoal.lisp
Already unlinked: {}
Unlinking: /home/hwadi/CMU/16-662/lab1/ws/frankapy-public/catkin_ws/devel/share/common-lisp/ros/franka_interface_msgs/msg/ExecuteSkillGoal.lisp
Already unlinked: {}
Unlinking: /home/hwadi/CMU/16-662/lab1/ws/frankapy-public/catkin_ws/devel/share/common-lisp/ros/franka_interface_msgs/msg/ExecuteSkillActionFeedback.lisp
Already unlinked: {}
Unlinking: /home/hwadi/CMU/16-662/lab1/ws/frankapy-public/catkin_ws/devel/share/common-lisp/ros/franka_interface_msgs/msg/ExecuteSkillAction.lisp
Already unlinked: {}
Unlinking: /home/hwadi/CMU/16-662/lab1/ws/frankapy-public/catkin_ws/devel/share/common-lisp/ros/franka_interface_msgs/msg/_package_Errors.lisp
Already unlinked: {}
Unlinking: /home/hwadi/CMU/16-662/lab1/ws/frankapy-public/catkin_ws/devel/share/common-lisp/ros/franka_interface_msgs/msg/_package_ExecuteSkillResult.lisp
Already unlinked: {}
Unlinking: /home/hwadi/CMU/16-662/lab1/ws/frankapy-public/catkin_ws/devel/share/common-lisp/ros/franka_interface_msgs/msg/ExecuteSkillResult.lisp
Already unlinked: {}
Unlinking: /home/hwadi/CMU/16-662/lab1/ws/frankapy-public/catkin_ws/devel/share/common-lisp/ros/franka_interface_msgs/msg/SensorData.lisp
Already unlinked: {}
Unlinking: /home/hwadi/CMU/16-662/lab1/ws/frankapy-public/catkin_ws/devel/share/common-lisp/ros/franka_interface_msgs/msg/_package.lisp
Already unlinked: {}
Unlinking: /home/hwadi/CMU/16-662/lab1/ws/frankapy-public/catkin_ws/devel/share/common-lisp/ros/franka_interface_msgs/msg/_package_RobotState.lisp
Already unlinked: {}
Unlinking: /home/hwadi/CMU/16-662/lab1/ws/frankapy-public/catkin_ws/devel/share/common-lisp/ros/franka_interface_msgs/msg/ExecuteSkillActionResult.lisp
Already unlinked: {}
Unlinking: /home/hwadi/CMU/16-662/lab1/ws/frankapy-public/catkin_ws/devel/share/common-lisp/ros/franka_interface_msgs/msg/_package_ExecuteSkillActionFeedback.lisp
Already unlinked: {}
Unlinking: /home/hwadi/CMU/16-662/lab1/ws/frankapy-public/catkin_ws/devel/share/common-lisp/ros/franka_interface_msgs/msg/_package_ExecuteSkillFeedback.lisp
Already unlinked: {}
Unlinking: /home/hwadi/CMU/16-662/lab1/ws/frankapy-public/catkin_ws/devel/share/common-lisp/ros/franka_interface_msgs/msg/ExecuteSkillFeedback.lisp
Already unlinked: {}
Unlinking: /home/hwadi/CMU/16-662/lab1/ws/frankapy-public/catkin_ws/devel/share/common-lisp/ros/franka_interface_msgs/msg/_package_ExecuteSkillGoal.lisp
Already unlinked: {}
Unlinking: /home/hwadi/CMU/16-662/lab1/ws/frankapy-public/catkin_ws/devel/share/common-lisp/ros/franka_interface_msgs/msg/Errors.lisp
Already unlinked: {}
Unlinking: /home/hwadi/CMU/16-662/lab1/ws/frankapy-public/catkin_ws/devel/share/common-lisp/ros/franka_interface_msgs/msg/_package_SensorData.lisp
Already unlinked: {}
Unlinking: /home/hwadi/CMU/16-662/lab1/ws/frankapy-public/catkin_ws/devel/share/common-lisp/ros/franka_interface_msgs/msg/_package_SensorDataGroup.lisp
Already unlinked: {}
Unlinking: /home/hwadi/CMU/16-662/lab1/ws/frankapy-public/catkin_ws/devel/share/franka_interface_msgs/msg/ExecuteSkillGoal.msg
Already unlinked: {}
Unlinking: /home/hwadi/CMU/16-662/lab1/ws/frankapy-public/catkin_ws/devel/share/franka_interface_msgs/msg/ExecuteSkillAction.msg
Already unlinked: {}
Unlinking: /home/hwadi/CMU/16-662/lab1/ws/frankapy-public/catkin_ws/devel/share/franka_interface_msgs/msg/ExecuteSkillActionGoal.msg
Already unlinked: {}
Unlinking: /home/hwadi/CMU/16-662/lab1/ws/frankapy-public/catkin_ws/devel/share/franka_interface_msgs/msg/ExecuteSkillFeedback.msg
Already unlinked: {}
Unlinking: /home/hwadi/CMU/16-662/lab1/ws/frankapy-public/catkin_ws/devel/share/franka_interface_msgs/msg/ExecuteSkillResult.msg
Already unlinked: {}
Unlinking: /home/hwadi/CMU/16-662/lab1/ws/frankapy-public/catkin_ws/devel/share/franka_interface_msgs/msg/ExecuteSkillActionResult.msg
Already unlinked: {}
Unlinking: /home/hwadi/CMU/16-662/lab1/ws/frankapy-public/catkin_ws/devel/share/franka_interface_msgs/msg/ExecuteSkillActionFeedback.msg
Already unlinked: {}
Unlinking: /home/hwadi/CMU/16-662/lab1/ws/frankapy-public/catkin_ws/devel/share/franka_interface_msgs/cmake/franka_interface_msgs-msg-extras.cmake
Already unlinked: {}
Unlinking: /home/hwadi/CMU/16-662/lab1/ws/frankapy-public/catkin_ws/devel/share/franka_interface_msgs/cmake/franka_interface_msgsConfig-version.cmake
Already unlinked: {}
Unlinking: /home/hwadi/CMU/16-662/lab1/ws/frankapy-public/catkin_ws/devel/share/franka_interface_msgs/cmake/franka_interface_msgs-msg-paths.cmake
Already unlinked: {}
Unlinking: /home/hwadi/CMU/16-662/lab1/ws/frankapy-public/catkin_ws/devel/share/franka_interface_msgs/cmake/franka_interface_msgsConfig.cmake
Already unlinked: {}
Unlinking: /home/hwadi/CMU/16-662/lab1/ws/frankapy-public/catkin_ws/devel/share/roseus/ros/franka_interface_msgs/manifest.l
Already unlinked: {}
Unlinking: /home/hwadi/CMU/16-662/lab1/ws/frankapy-public/catkin_ws/devel/share/roseus/ros/franka_interface_msgs/srv/GetCurrentRobotStateCmd.l
Already unlinked: {}
Unlinking: /home/hwadi/CMU/16-662/lab1/ws/frankapy-public/catkin_ws/devel/share/roseus/ros/franka_interface_msgs/srv/GetCurrentFrankaInterfaceStatusCmd.l
Already unlinked: {}
Unlinking: /home/hwadi/CMU/16-662/lab1/ws/frankapy-public/catkin_ws/devel/share/roseus/ros/franka_interface_msgs/msg/FrankaInterfaceStatus.l
Already unlinked: {}
Unlinking: /home/hwadi/CMU/16-662/lab1/ws/frankapy-public/catkin_ws/devel/share/roseus/ros/franka_interface_msgs/msg/RunLoopProcessInfoState.l
Already unlinked: {}
Unlinking: /home/hwadi/CMU/16-662/lab1/ws/frankapy-public/catkin_ws/devel/share/roseus/ros/franka_interface_msgs/msg/Errors.l
Already unlinked: {}
Unlinking: /home/hwadi/CMU/16-662/lab1/ws/frankapy-public/catkin_ws/devel/share/roseus/ros/franka_interface_msgs/msg/ExecuteSkillAction.l
Already unlinked: {}
Unlinking: /home/hwadi/CMU/16-662/lab1/ws/frankapy-public/catkin_ws/devel/share/roseus/ros/franka_interface_msgs/msg/RobotState.l
Already unlinked: {}
Unlinking: /home/hwadi/CMU/16-662/lab1/ws/frankapy-public/catkin_ws/devel/share/roseus/ros/franka_interface_msgs/msg/ExecuteSkillResult.l
Already unlinked: {}
Unlinking: /home/hwadi/CMU/16-662/lab1/ws/frankapy-public/catkin_ws/devel/share/roseus/ros/franka_interface_msgs/msg/ExecuteSkillActionResult.l
Already unlinked: {}
Unlinking: /home/hwadi/CMU/16-662/lab1/ws/frankapy-public/catkin_ws/devel/share/roseus/ros/franka_interface_msgs/msg/ExecuteSkillFeedback.l
Already unlinked: {}
Unlinking: /home/hwadi/CMU/16-662/lab1/ws/frankapy-public/catkin_ws/devel/share/roseus/ros/franka_interface_msgs/msg/SensorData.l
Already unlinked: {}
Unlinking: /home/hwadi/CMU/16-662/lab1/ws/frankapy-public/catkin_ws/devel/share/roseus/ros/franka_interface_msgs/msg/ExecuteSkillActionFeedback.l
Already unlinked: {}
Unlinking: /home/hwadi/CMU/16-662/lab1/ws/frankapy-public/catkin_ws/devel/share/roseus/ros/franka_interface_msgs/msg/SensorDataGroup.l
Already unlinked: {}
Unlinking: /home/hwadi/CMU/16-662/lab1/ws/frankapy-public/catkin_ws/devel/share/roseus/ros/franka_interface_msgs/msg/ExecuteSkillActionGoal.l
Already unlinked: {}
Unlinking: /home/hwadi/CMU/16-662/lab1/ws/frankapy-public/catkin_ws/devel/share/roseus/ros/franka_interface_msgs/msg/ExecuteSkillGoal.l
Already unlinked: {}
