[  0%] Built target _franka_interface_msgs_generate_messages_check_deps_FrankaInterfaceStatus
[  0%] Built target _franka_interface_msgs_generate_messages_check_deps_ExecuteSkillActionResult
[  0%] Built target _franka_interface_msgs_generate_messages_check_deps_ExecuteSkillGoal
[  0%] Built target _franka_interface_msgs_generate_messages_check_deps_SensorData
[  0%] Built target _franka_interface_msgs_generate_messages_check_deps_Errors
[  0%] Built target _franka_interface_msgs_generate_messages_check_deps_SensorDataGroup
[  0%] Built target _franka_interface_msgs_generate_messages_check_deps_RunLoopProcessInfoState
[  0%] Built target _franka_interface_msgs_generate_messages_check_deps_RobotState
[  0%] Built target _franka_interface_msgs_generate_messages_check_deps_GetCurrentRobotStateCmd
[  0%] Built target _franka_interface_msgs_generate_messages_check_deps_ExecuteSkillFeedback
[  0%] Built target _franka_interface_msgs_generate_messages_check_deps_GetCurrentFrankaInterfaceStatusCmd
[  0%] Built target _franka_interface_msgs_generate_messages_check_deps_ExecuteSkillResult
[  0%] Built target actionlib_msgs_generate_messages_nodejs
[  0%] Built target actionlib_msgs_generate_messages_py
[  0%] Built target _franka_interface_msgs_generate_messages_check_deps_ExecuteSkillActionFeedback
[  0%] Built target _franka_interface_msgs_generate_messages_check_deps_ExecuteSkillActionGoal
[  0%] Built target _franka_interface_msgs_generate_messages_check_deps_ExecuteSkillAction
[  0%] Built target actionlib_msgs_generate_messages_eus
[  0%] Built target actionlib_msgs_generate_messages_cpp
[  0%] Built target actionlib_msgs_generate_messages_lisp
[ 19%] Built target franka_interface_msgs_generate_messages_nodejs
[ 41%] Built target franka_interface_msgs_generate_messages_py
[ 61%] Built target franka_interface_msgs_generate_messages_eus
[ 80%] Built target franka_interface_msgs_generate_messages_cpp
[100%] Built target franka_interface_msgs_generate_messages_lisp
[100%] Built target franka_interface_msgs_generate_messages
